<?xml version="1.0" encoding="UTF-8"?>
<testng-results skipped="0" failed="0" ignored="0" total="1" passed="1">
  <reporter-output>
  </reporter-output>
  <suite name="Default suite" duration-ms="28014" started-at="2020-03-16T06:20:36Z" finished-at="2020-03-16T06:21:04Z">
    <groups>
    </groups>
    <test name="Default test" duration-ms="28014" started-at="2020-03-16T06:20:36Z" finished-at="2020-03-16T06:21:04Z">
      <class name="com.ekincare.androidautomation.LoginTest">
        <test-method status="PASS" signature="beginTest()[pri:0, instance:com.ekincare.androidautomation.LoginTest@47ef968d]" name="beginTest" is-config="true" duration-ms="10886" started-at="2020-03-16T06:20:36Z" finished-at="2020-03-16T06:20:47Z">
          <reporter-output>
          </reporter-output>
        </test-method> <!-- beginTest -->
        <test-method status="PASS" signature="invalidUsernameValidPasswordTest()[pri:1, instance:com.ekincare.androidautomation.LoginTest@47ef968d]" name="invalidUsernameValidPasswordTest" duration-ms="12621" started-at="2020-03-16T06:20:47Z" finished-at="2020-03-16T06:21:00Z">
          <reporter-output>
          </reporter-output>
        </test-method> <!-- invalidUsernameValidPasswordTest -->
        <test-method status="PASS" signature="endTest()[pri:0, instance:com.ekincare.androidautomation.LoginTest@47ef968d]" name="endTest" is-config="true" duration-ms="4483" started-at="2020-03-16T06:21:00Z" finished-at="2020-03-16T06:21:04Z">
          <reporter-output>
          </reporter-output>
        </test-method> <!-- endTest -->
      </class> <!-- com.ekincare.androidautomation.LoginTest -->
    </test> <!-- Default test -->
  </suite> <!-- Default suite -->
</testng-results>
