<?xml version="1.0" encoding="UTF-8"?>
<!-- Generated by org.testng.reporters.JUnitXMLReporter -->
<testsuite hostname="AT-EK-LTPM018-Soni.local" ignored="0" name="Ekincare_Apk_Test" tests="57" failures="0" timestamp="05 Mar 2020 08:41:19 GMT" time="3118.316" errors="0">
  <testcase name="gymAndFitness" time="33.305" classname="com.ekincare.androidautomation.HomeTest"/>
  <testcase name="medicineNameWithoutAddressSelf" time="38.799" classname="com.ekincare.androidautomation.HomeTest"/>
  <testcase name="medicineNameDeleteAddressSelf" time="33.074" classname="com.ekincare.androidautomation.HomeTest"/>
  <testcase name="scheduleAppointment" time="31.184" classname="com.ekincare.androidautomation.HomeTest"/>
  <testcase name="talkWithDoctorSelf" time="31.58" classname="com.ekincare.androidautomation.HomeTest"/>
  <testcase name="viewAll" time="19.436" classname="com.ekincare.androidautomation.HomeTest"/>
  <testcase name="home" time="17.235" classname="com.ekincare.androidautomation.HomeTest"/>
  <testcase name="health" time="17.097" classname="com.ekincare.androidautomation.HomeTest"/>
  <testcase name="benefits" time="19.041" classname="com.ekincare.androidautomation.HomeTest"/>
  <testcase name="improve" time="17.8" classname="com.ekincare.androidautomation.HomeTest"/>
  <testcase name="notifications" time="19.265" classname="com.ekincare.androidautomation.HomeTest"/>
  <testcase name="gymAndFitness" time="33.584" classname="com.ekincare.androidautomation.benefits.GymScenarioTest"/>
  <testcase name="healthCheckupSelf" time="41.077" classname="com.ekincare.androidautomation.benefits.HealthCheckupScenarioTest"/>
  <testcase name="healthCheckupFamilyMember" time="45.694" classname="com.ekincare.androidautomation.benefits.HealthCheckupScenarioTest"/>
  <testcase name="annualhealthCheckupSelf" time="47.426" classname="com.ekincare.androidautomation.benefits.HealthCheckupScenarioTest"/>
  <testcase name="annualhealthCheckupFamilyMember" time="50.321" classname="com.ekincare.androidautomation.benefits.HealthCheckupScenarioTest"/>
  <testcase name="annualhealthCheckupSelfPlusFamilyMember" time="97.383" classname="com.ekincare.androidautomation.benefits.HealthCheckupScenarioTest"/>
  <testcase name="medicineNameWithoutAddressSelf" time="38.911" classname="com.ekincare.androidautomation.benefits.OrderMedicinesScenarioTest"/>
  <testcase name="medicineNameWithAddressSelf" time="32.505" classname="com.ekincare.androidautomation.benefits.OrderMedicinesScenarioTest"/>
  <testcase name="medicineNameChangeAddressSelf" time="45.334" classname="com.ekincare.androidautomation.benefits.OrderMedicinesScenarioTest"/>
  <testcase name="medicineNameDeleteAddressSelf" time="33.655" classname="com.ekincare.androidautomation.benefits.OrderMedicinesScenarioTest"/>
  <testcase name="pastUploadedWithoutAddressSelf" time="44.767" classname="com.ekincare.androidautomation.benefits.OrderMedicinesScenarioTest"/>
  <testcase name="pastUploadedWithAddressSelf" time="39.27" classname="com.ekincare.androidautomation.benefits.OrderMedicinesScenarioTest"/>
  <testcase name="pastUploadedChangeAddressSelf" time="49.338" classname="com.ekincare.androidautomation.benefits.OrderMedicinesScenarioTest"/>
  <testcase name="pastUploadedDeleteAddressSelf" time="38.72" classname="com.ekincare.androidautomation.benefits.OrderMedicinesScenarioTest"/>
  <testcase name="pastUploadedWithoutAddressFamily" time="78.582" classname="com.ekincare.androidautomation.benefits.OrderMedicinesScenarioTest"/>
  <testcase name="pastUploadedWithAddressFamily" time="78.301" classname="com.ekincare.androidautomation.benefits.OrderMedicinesScenarioTest"/>
  <testcase name="pastUploadedChangeAddressFamily" time="82.449" classname="com.ekincare.androidautomation.benefits.OrderMedicinesScenarioTest"/>
  <testcase name="pastUploadedDeleteAddressFamily" time="79.136" classname="com.ekincare.androidautomation.benefits.OrderMedicinesScenarioTest"/>
  <testcase name="pastUploadedWithoutAddressSelfPlusFamily" time="40.058" classname="com.ekincare.androidautomation.benefits.OrderMedicinesScenarioTest"/>
  <testcase name="pastUploadedWithAddressSelfPlusFamily" time="34.465" classname="com.ekincare.androidautomation.benefits.OrderMedicinesScenarioTest"/>
  <testcase name="pastUploadedDeleteAddressSelfPlusFamily" time="35.514" classname="com.ekincare.androidautomation.benefits.OrderMedicinesScenarioTest"/>
  <testcase name="fromGalleryWithoutAddress" time="35.653" classname="com.ekincare.androidautomation.benefits.OrderMedicinesScenarioTest"/>
  <testcase name="fromGalleryWithAddress" time="29.547" classname="com.ekincare.androidautomation.benefits.OrderMedicinesScenarioTest"/>
  <testcase name="fromGalleryDeleteAddress" time="32.085" classname="com.ekincare.androidautomation.benefits.OrderMedicinesScenarioTest"/>
  <testcase name="talkWithDoctorSelf" time="31.497" classname="com.ekincare.androidautomation.benefits.TalkWithDoctorTest"/>
  <testcase name="talkWithDoctorFamily" time="41.345" classname="com.ekincare.androidautomation.benefits.TalkWithDoctorTest"/>
  <testcase name="talkWithDoctorAddFamily" time="71.078" classname="com.ekincare.androidautomation.benefits.TalkWithDoctorTest"/>
  <testcase name="scheduleAppointment" time="31.497" classname="com.ekincare.androidautomation.benefits.TalkWithFamilyDoctorTest"/>
  <testcase name="addToCalender" time="38.346" classname="com.ekincare.androidautomation.benefits.TalkWithFamilyDoctorTest"/>
  <testcase name="scheduleAppointmentPlusReschedule" time="48.002" classname="com.ekincare.androidautomation.benefits.TalkWithFamilyDoctorTest"/>
  <testcase name="scheduleAppointmentPlusCancel" time="38.747" classname="com.ekincare.androidautomation.benefits.TalkWithFamilyDoctorTest"/>
  <testcase name="SchedulePlusReschedulePlusCancelAppointment" time="119.826" classname="com.ekincare.androidautomation.benefits.TalkWithFamilyDoctorTest"/>
  <testcase name="BookAppointmentWithFamilyMember" time="39.909" classname="com.ekincare.androidautomation.benefits.TalkWithFamilyDoctorTest"/>
  <testcase name="BookAppointmentAddFamilyMember" time="64.73" classname="com.ekincare.androidautomation.benefits.TalkWithFamilyDoctorTest"/>
  <testcase name="viewMedicalReportFamily" time="79.615" classname="com.ekincare.androidautomation.health.MedicalReportsTest"/>
  <testcase name="deleteMedicalReportFamily" time="23.983" classname="com.ekincare.androidautomation.health.MedicalReportsTest"/>
  <testcase name="userWellnessReport" time="19.871" classname="com.ekincare.androidautomation.health.InsightsTest"/>
  <testcase name="knowMore" time="26.283" classname="com.ekincare.androidautomation.improve.ChallengesTest"/>
  <testcase name="startChallenges" time="27.56" classname="com.ekincare.androidautomation.improve.ChallengesTest"/>
  <testcase name="stopChallenges" time="27.466" classname="com.ekincare.androidautomation.improve.ChallengesTest"/>
  <testcase name="startAndRestartChallenges" time="31.167" classname="com.ekincare.androidautomation.improve.ChallengesTest"/>
  <testcase name="goingEvent" time="36.556" classname="com.ekincare.androidautomation.improve.EventsTest"/>
  <testcase name="notGoingEvent" time="24.501" classname="com.ekincare.androidautomation.improve.EventsTest"/>
  <testcase name="notSureEvent" time="30.488" classname="com.ekincare.androidautomation.improve.EventsTest"/>
  <testcase name="addFamilyMember" time="41.801" classname="com.ekincare.androidautomation.profile.FamilyMembersTest"/>
  <testcase name="familyMemberHRA" time="57.78" classname="com.ekincare.androidautomation.profile.FamilyMembersTest"/>
</testsuite> <!-- Ekincare_Apk_Test -->
