<?xml version="1.0" encoding="UTF-8"?>
<!-- Generated by org.testng.reporters.JUnitXMLReporter -->
<testsuite hostname="AT-EK-LTPM018-Soni.local" ignored="0" name="Ekincare_Demo_Test" tests="12" failures="0" timestamp="13 Mar 2020 08:55:25 GMT" time="3527.415" errors="0">
  <testcase name="viewMedicalReport" time="30.615" classname="com.ekincare.androidautomation.health.MedicalReportsTest"/>
  <testcase name="deleteMedicalReport" time="24.986" classname="com.ekincare.androidautomation.health.MedicalReportsTest"/>
  <testcase name="viewMedicalReportFamily" time="32.514" classname="com.ekincare.androidautomation.health.MedicalReportsTest"/>
  <testcase name="deleteMedicalReportFamily" time="0.004" classname="com.ekincare.androidautomation.health.MedicalReportsTest"/>
  <testcase name="userWellnessReport" time="19.664" classname="com.ekincare.androidautomation.health.InsightsTest"/>
  <testcase name="knowMore" time="945.132" classname="com.ekincare.androidautomation.improve.ChallengesTest"/>
  <testcase name="startChallenges" time="2116.574" classname="com.ekincare.androidautomation.improve.ChallengesTest"/>
  <testcase name="stopChallenges" time="27.749" classname="com.ekincare.androidautomation.improve.ChallengesTest"/>
  <testcase name="startAndRestartChallenges" time="30.242" classname="com.ekincare.androidautomation.improve.ChallengesTest"/>
  <testcase name="goingEvent" time="37.306" classname="com.ekincare.androidautomation.improve.EventsTest"/>
  <testcase name="notGoingEvent" time="23.724" classname="com.ekincare.androidautomation.improve.EventsTest"/>
  <testcase name="notSureEvent" time="29.661" classname="com.ekincare.androidautomation.improve.EventsTest"/>
</testsuite> <!-- Ekincare_Demo_Test -->
