<?xml version="1.0" encoding="UTF-8"?>
<!-- Generated by org.testng.reporters.JUnitXMLReporter -->
<testsuite hostname="AT-EK-LTPM018-Soni.local" ignored="0" name="Ekincare_Apk_Test" tests="55" failures="1" timestamp="04 Mar 2020 10:37:31 GMT" time="2655.155" errors="0">
  <testcase name="gymAndFitness" time="32.468" classname="com.ekincare.androidautomation.HomeTest"/>
  <testcase name="medicineNameWithoutAddressSelf" time="40.938" classname="com.ekincare.androidautomation.HomeTest"/>
  <testcase name="medicineNameDeleteAddressSelf" time="34.828" classname="com.ekincare.androidautomation.HomeTest"/>
  <testcase name="scheduleAppointment" time="29.301" classname="com.ekincare.androidautomation.HomeTest">
    <failure type="java.lang.AssertionError" message="expected [com.ekincare.familydoctorflow.views.DoctorConsultationBooked] but found [com.ekincare.familydoctorflow.views.ScheduleDoctorConsultCreateActivity]">
      <![CDATA[java.lang.AssertionError: expected [com.ekincare.familydoctorflow.views.DoctorConsultationBooked] but found [com.ekincare.familydoctorflow.views.ScheduleDoctorConsultCreateActivity]
at com.ekincare.androidautomation.HomeTest.scheduleAppointment(HomeTest.java:198)
... Removed 31 stack frames]]>
    </failure>
  </testcase> <!-- scheduleAppointment -->
  <testcase name="talkWithDoctorSelf" time="31.476" classname="com.ekincare.androidautomation.HomeTest"/>
  <testcase name="viewAll" time="19.32" classname="com.ekincare.androidautomation.HomeTest"/>
  <testcase name="home" time="19.111" classname="com.ekincare.androidautomation.HomeTest"/>
  <testcase name="health" time="18.745" classname="com.ekincare.androidautomation.HomeTest"/>
  <testcase name="benefits" time="17.168" classname="com.ekincare.androidautomation.HomeTest"/>
  <testcase name="improve" time="18.856" classname="com.ekincare.androidautomation.HomeTest"/>
  <testcase name="notifications" time="18.697" classname="com.ekincare.androidautomation.HomeTest"/>
  <testcase name="gymAndFitness" time="33.832" classname="com.ekincare.androidautomation.benefits.GymScenarioTest"/>
  <testcase name="healthCheckupSelf" time="42.779" classname="com.ekincare.androidautomation.benefits.HealthCheckupScenarioTest"/>
  <testcase name="healthCheckupFamilyMember" time="45.367" classname="com.ekincare.androidautomation.benefits.HealthCheckupScenarioTest"/>
  <testcase name="annualhealthCheckupSelf" time="49.099" classname="com.ekincare.androidautomation.benefits.HealthCheckupScenarioTest"/>
  <testcase name="annualhealthCheckupFamilyMember" time="51.042" classname="com.ekincare.androidautomation.benefits.HealthCheckupScenarioTest"/>
  <testcase name="annualhealthCheckupSelfPlusFamilyMember" time="49.139" classname="com.ekincare.androidautomation.benefits.HealthCheckupScenarioTest"/>
  <testcase name="medicineNameWithoutAddressSelf" time="40.606" classname="com.ekincare.androidautomation.benefits.OrderMedicinesScenarioTest"/>
  <testcase name="medicineNameWithAddressSelf" time="34.213" classname="com.ekincare.androidautomation.benefits.OrderMedicinesScenarioTest"/>
  <testcase name="medicineNameChangeAddressSelf" time="46.53" classname="com.ekincare.androidautomation.benefits.OrderMedicinesScenarioTest"/>
  <testcase name="medicineNameDeleteAddressSelf" time="35.044" classname="com.ekincare.androidautomation.benefits.OrderMedicinesScenarioTest"/>
  <testcase name="pastUploadedWithoutAddressSelf" time="48.594" classname="com.ekincare.androidautomation.benefits.OrderMedicinesScenarioTest"/>
  <testcase name="pastUploadedWithAddressSelf" time="41.125" classname="com.ekincare.androidautomation.benefits.OrderMedicinesScenarioTest"/>
  <testcase name="pastUploadedChangeAddressSelf" time="54.35" classname="com.ekincare.androidautomation.benefits.OrderMedicinesScenarioTest"/>
  <testcase name="pastUploadedDeleteAddressSelf" time="35.136" classname="com.ekincare.androidautomation.benefits.OrderMedicinesScenarioTest"/>
  <testcase name="pastUploadedWithoutAddressFamily" time="45.785" classname="com.ekincare.androidautomation.benefits.OrderMedicinesScenarioTest"/>
  <testcase name="pastUploadedWithAddressFamily" time="41.739" classname="com.ekincare.androidautomation.benefits.OrderMedicinesScenarioTest"/>
  <testcase name="pastUploadedChangeAddressFamily" time="52.098" classname="com.ekincare.androidautomation.benefits.OrderMedicinesScenarioTest"/>
  <testcase name="pastUploadedDeleteAddressFamily" time="35.447" classname="com.ekincare.androidautomation.benefits.OrderMedicinesScenarioTest"/>
  <testcase name="pastUploadedWithoutAddressSelfPlusFamily" time="43.147" classname="com.ekincare.androidautomation.benefits.OrderMedicinesScenarioTest"/>
  <testcase name="pastUploadedWithAddressSelfPlusFamily" time="38.553" classname="com.ekincare.androidautomation.benefits.OrderMedicinesScenarioTest"/>
  <testcase name="pastUploadedDeleteAddressSelfPlusFamily" time="39.349" classname="com.ekincare.androidautomation.benefits.OrderMedicinesScenarioTest"/>
  <testcase name="fromGalleryWithoutAddress" time="36.047" classname="com.ekincare.androidautomation.benefits.OrderMedicinesScenarioTest"/>
  <testcase name="fromGalleryWithAddress" time="28.545" classname="com.ekincare.androidautomation.benefits.OrderMedicinesScenarioTest"/>
  <testcase name="fromGalleryDeleteAddress" time="31.287" classname="com.ekincare.androidautomation.benefits.OrderMedicinesScenarioTest"/>
  <testcase name="talkWithDoctorSelf" time="31.349" classname="com.ekincare.androidautomation.benefits.TalkWithDoctorTest"/>
  <testcase name="talkWithDoctorFamily" time="42.396" classname="com.ekincare.androidautomation.benefits.TalkWithDoctorTest"/>
  <testcase name="scheduleAppointment" time="30.349" classname="com.ekincare.androidautomation.benefits.TalkWithFamilyDoctorTest"/>
  <testcase name="addToCalender" time="38.903" classname="com.ekincare.androidautomation.benefits.TalkWithFamilyDoctorTest"/>
  <testcase name="scheduleAppointmentPlusReschedule" time="33.311" classname="com.ekincare.androidautomation.benefits.TalkWithFamilyDoctorTest"/>
  <testcase name="scheduleAppointmentPlusCancel" time="42.155" classname="com.ekincare.androidautomation.benefits.TalkWithFamilyDoctorTest"/>
  <testcase name="SchedulePlusReschedulePlusCancelAppointment" time="72.603" classname="com.ekincare.androidautomation.benefits.TalkWithFamilyDoctorTest"/>
  <testcase name="BookAppointmentWithFamilyMember" time="38.96" classname="com.ekincare.androidautomation.benefits.TalkWithFamilyDoctorTest"/>
  <testcase name="viewMedicalReport" time="34.504" classname="com.ekincare.androidautomation.health.MedicalReports"/>
  <testcase name="deleteMedicalReport" time="26.139" classname="com.ekincare.androidautomation.health.MedicalReports"/>
  <testcase name="viewMedicalReportFamily" time="32.248" classname="com.ekincare.androidautomation.health.MedicalReports"/>
  <testcase name="deleteMedicalReportFamily" time="25.001" classname="com.ekincare.androidautomation.health.MedicalReports"/>
  <testcase name="userWellnessReport" time="21.254" classname="com.ekincare.androidautomation.health.Insights"/>
  <testcase name="knowMore" time="24.696" classname="com.ekincare.androidautomation.improve.Challenges"/>
  <testcase name="startChallenges" time="26.098" classname="com.ekincare.androidautomation.improve.Challenges"/>
  <testcase name="stopChallenges" time="36.347" classname="com.ekincare.androidautomation.improve.Challenges"/>
  <testcase name="startAndRestartChallenges" time="31.493" classname="com.ekincare.androidautomation.improve.Challenges"/>
  <testcase name="goingEvent" time="37.1" classname="com.ekincare.androidautomation.improve.Events"/>
  <testcase name="notGoingEvent" time="25.908" classname="com.ekincare.androidautomation.improve.Events"/>
  <testcase name="notSureEvent" time="31.999" classname="com.ekincare.androidautomation.improve.Events"/>
</testsuite> <!-- Ekincare_Apk_Test -->
