<?xml version="1.0" encoding="UTF-8"?>
<!-- Generated by org.testng.reporters.JUnitXMLReporter -->
<testsuite hostname="AT-EK-LTPM018-Soni.local" ignored="0" name="Ekincare apk Test" tests="2" failures="0" timestamp="21 Feb 2020 05:30:34 GMT" time="102.372" errors="0">
  <testcase name="healthCheckup" time="44.142" classname="com.ekincare.androidautomation.HealthCheckupScenarioTest"/>
  <testcase name="gymAndFitness" time="32.58" classname="com.ekincare.androidautomation.GymScenarioTest"/>
</testsuite> <!-- Ekincare apk Test -->
