<?xml version="1.0" encoding="UTF-8"?>
<!-- Generated by org.testng.reporters.JUnitXMLReporter -->
<testsuite hostname="AT-EK-LTPM018-Soni.local" ignored="0" name="Default test" tests="4" failures="0" timestamp="02 Mar 2020 07:08:57 GMT" time="159.178" errors="0">
  <testcase name="knowMore" time="24.5" classname="com.ekincare.androidautomation.improve.Challenges"/>
  <testcase name="startChallenges" time="26.565" classname="com.ekincare.androidautomation.improve.Challenges"/>
  <testcase name="stopChallenges" time="26.098" classname="com.ekincare.androidautomation.improve.Challenges"/>
  <testcase name="startAndRestartChallenges" time="30.707" classname="com.ekincare.androidautomation.improve.Challenges"/>
</testsuite> <!-- Default test -->
