<?xml version="1.0" encoding="UTF-8"?>
<!-- Generated by org.testng.reporters.JUnitXMLReporter -->
<testsuite hostname="AT-EK-LTPM018-Soni.local" ignored="0" name="Default test" tests="13" failures="0" timestamp="06 Mar 2020 10:54:51 GMT" time="543.029" errors="0">
  <testcase name="gymAndFitness" time="32.967" classname="com.ekincare.androidautomation.HomeTest"/>
  <testcase name="medicineNameWithoutAddressSelf" time="39.195" classname="com.ekincare.androidautomation.HomeTest"/>
  <testcase name="medicineNameDeleteAddressSelf" time="33.23" classname="com.ekincare.androidautomation.HomeTest"/>
  <testcase name="healthCheckupSelf" time="51.101" classname="com.ekincare.androidautomation.HomeTest"/>
  <testcase name="healthCheckupFamilyMember" time="49.357" classname="com.ekincare.androidautomation.HomeTest"/>
  <testcase name="scheduleAppointment" time="30.346" classname="com.ekincare.androidautomation.HomeTest"/>
  <testcase name="talkWithDoctorSelf" time="31.48" classname="com.ekincare.androidautomation.HomeTest"/>
  <testcase name="viewAll" time="19.274" classname="com.ekincare.androidautomation.HomeTest"/>
  <testcase name="home" time="17.783" classname="com.ekincare.androidautomation.HomeTest"/>
  <testcase name="health" time="18.695" classname="com.ekincare.androidautomation.HomeTest"/>
  <testcase name="benefits" time="19.125" classname="com.ekincare.androidautomation.HomeTest"/>
  <testcase name="improve" time="19.329" classname="com.ekincare.androidautomation.HomeTest"/>
  <testcase name="notifications" time="18.314" classname="com.ekincare.androidautomation.HomeTest"/>
</testsuite> <!-- Default test -->
