<?xml version="1.0" encoding="UTF-8"?>
<!-- Generated by org.testng.reporters.JUnitReportReporter -->
<testsuite skipped="0" hostname="AT-EK-LTPM018-Soni.local" name="com.ekincare.androidautomation.benefits.TalkWithFamilyDoctorTest" tests="6" failures="0" timestamp="04 Mar 2020 10:37:51 GMT" time="334.091" errors="0">
  <testcase name="scheduleAppointment" time="43.289" classname="com.ekincare.androidautomation.benefits.TalkWithFamilyDoctorTest"/>
  <testcase name="addToCalender" time="51.796" classname="com.ekincare.androidautomation.benefits.TalkWithFamilyDoctorTest"/>
  <testcase name="scheduleAppointmentPlusReschedule" time="46.388" classname="com.ekincare.androidautomation.benefits.TalkWithFamilyDoctorTest"/>
  <testcase name="scheduleAppointmentPlusCancel" time="55.365" classname="com.ekincare.androidautomation.benefits.TalkWithFamilyDoctorTest"/>
  <testcase name="SchedulePlusReschedulePlusCancelAppointment" time="85.595" classname="com.ekincare.androidautomation.benefits.TalkWithFamilyDoctorTest"/>
  <testcase name="BookAppointmentWithFamilyMember" time="51.658" classname="com.ekincare.androidautomation.benefits.TalkWithFamilyDoctorTest"/>
</testsuite> <!-- com.ekincare.androidautomation.benefits.TalkWithFamilyDoctorTest -->
