<?xml version="1.0" encoding="UTF-8"?>
<!-- Generated by org.testng.reporters.JUnitReportReporter -->
<testsuite skipped="0" hostname="AT-EK-LTPM018-Soni.local" name="com.ekincare.androidautomation.HomeTest" tests="11" failures="1" timestamp="04 Mar 2020 10:37:41 GMT" time="414.010" errors="0">
  <testcase name="gymAndFitness" time="44.411" classname="com.ekincare.androidautomation.HomeTest"/>
  <testcase name="medicineNameWithoutAddressSelf" time="52.283" classname="com.ekincare.androidautomation.HomeTest"/>
  <testcase name="medicineNameDeleteAddressSelf" time="47.432" classname="com.ekincare.androidautomation.HomeTest"/>
  <testcase name="scheduleAppointment" time="41.561" classname="com.ekincare.androidautomation.HomeTest">
    <failure type="java.lang.AssertionError" message="expected [com.ekincare.familydoctorflow.views.DoctorConsultationBooked] but found [com.ekincare.familydoctorflow.views.ScheduleDoctorConsultCreateActivity]">
      <![CDATA[java.lang.AssertionError: expected [com.ekincare.familydoctorflow.views.DoctorConsultationBooked] but found [com.ekincare.familydoctorflow.views.ScheduleDoctorConsultCreateActivity]
at org.testng.Assert.fail(Assert.java:96)
at org.testng.Assert.failNotEquals(Assert.java:776)
at org.testng.Assert.assertEqualsImpl(Assert.java:137)
at org.testng.Assert.assertEquals(Assert.java:118)
at org.testng.Assert.assertEquals(Assert.java:453)
at org.testng.Assert.assertEquals(Assert.java:463)
at com.ekincare.androidautomation.HomeTest.scheduleAppointment(HomeTest.java:198)
at sun.reflect.NativeMethodAccessorImpl.invoke0(Native Method)
at sun.reflect.NativeMethodAccessorImpl.invoke(NativeMethodAccessorImpl.java:62)
at sun.reflect.DelegatingMethodAccessorImpl.invoke(DelegatingMethodAccessorImpl.java:43)
at java.lang.reflect.Method.invoke(Method.java:498)
at org.testng.internal.MethodInvocationHelper.invokeMethod(MethodInvocationHelper.java:124)
at org.testng.internal.Invoker.invokeMethod(Invoker.java:583)
at org.testng.internal.Invoker.invokeTestMethod(Invoker.java:719)
at org.testng.internal.Invoker.invokeTestMethods(Invoker.java:989)
at org.testng.internal.TestMethodWorker.invokeTestMethods(TestMethodWorker.java:125)
at org.testng.internal.TestMethodWorker.run(TestMethodWorker.java:109)
at org.testng.TestRunner.privateRun(TestRunner.java:648)
at org.testng.TestRunner.run(TestRunner.java:505)
at org.testng.SuiteRunner.runTest(SuiteRunner.java:455)
at org.testng.SuiteRunner.runSequentially(SuiteRunner.java:450)
at org.testng.SuiteRunner.privateRun(SuiteRunner.java:415)
at org.testng.SuiteRunner.run(SuiteRunner.java:364)
at org.testng.SuiteRunnerWorker.runSuite(SuiteRunnerWorker.java:52)
at org.testng.SuiteRunnerWorker.run(SuiteRunnerWorker.java:84)
at org.testng.TestNG.runSuitesSequentially(TestNG.java:1208)
at org.testng.TestNG.runSuitesLocally(TestNG.java:1137)
at org.testng.TestNG.runSuites(TestNG.java:1049)
at org.testng.TestNG.run(TestNG.java:1017)
at org.testng.remote.AbstractRemoteTestNG.run(AbstractRemoteTestNG.java:115)
at org.testng.remote.RemoteTestNG.initAndRun(RemoteTestNG.java:251)
at org.testng.remote.RemoteTestNG.main(RemoteTestNG.java:77)
]]>
    </failure>
  </testcase> <!-- scheduleAppointment -->
  <testcase name="talkWithDoctorSelf" time="42.413" classname="com.ekincare.androidautomation.HomeTest"/>
  <testcase name="viewAll" time="31.833" classname="com.ekincare.androidautomation.HomeTest"/>
  <testcase name="home" time="31.410" classname="com.ekincare.androidautomation.HomeTest"/>
  <testcase name="health" time="31.057" classname="com.ekincare.androidautomation.HomeTest"/>
  <testcase name="benefits" time="29.487" classname="com.ekincare.androidautomation.HomeTest"/>
  <testcase name="improve" time="31.294" classname="com.ekincare.androidautomation.HomeTest"/>
  <testcase name="notifications" time="30.829" classname="com.ekincare.androidautomation.HomeTest"/>
</testsuite> <!-- com.ekincare.androidautomation.HomeTest -->
