<?xml version="1.0" encoding="UTF-8"?>
<!-- Generated by org.testng.reporters.JUnitReportReporter -->
<testsuite skipped="0" hostname="AT-EK-LTPM018-Soni.local" name="com.ekincare.androidautomation.HomeTest" tests="13" failures="0" timestamp="06 Mar 2020 08:36:15 GMT" time="526.810" errors="0">
  <testcase name="gymAndFitness" time="43.744" classname="com.ekincare.androidautomation.HomeTest"/>
  <testcase name="medicineNameWithoutAddressSelf" time="52.054" classname="com.ekincare.androidautomation.HomeTest"/>
  <testcase name="medicineNameDeleteAddressSelf" time="43.880" classname="com.ekincare.androidautomation.HomeTest"/>
  <testcase name="healthCheckupSelf" time="55.465" classname="com.ekincare.androidautomation.HomeTest"/>
  <testcase name="healthCheckupFamilyMember" time="58.345" classname="com.ekincare.androidautomation.HomeTest"/>
  <testcase name="scheduleAppointment" time="42.708" classname="com.ekincare.androidautomation.HomeTest"/>
  <testcase name="talkWithDoctorSelf" time="43.301" classname="com.ekincare.androidautomation.HomeTest"/>
  <testcase name="viewAll" time="33.086" classname="com.ekincare.androidautomation.HomeTest"/>
  <testcase name="home" time="32.148" classname="com.ekincare.androidautomation.HomeTest"/>
  <testcase name="health" time="29.122" classname="com.ekincare.androidautomation.HomeTest"/>
  <testcase name="benefits" time="31.357" classname="com.ekincare.androidautomation.HomeTest"/>
  <testcase name="improve" time="30.644" classname="com.ekincare.androidautomation.HomeTest"/>
  <testcase name="notifications" time="30.956" classname="com.ekincare.androidautomation.HomeTest"/>
</testsuite> <!-- com.ekincare.androidautomation.HomeTest -->
