<?xml version="1.0" encoding="UTF-8"?>
<!-- Generated by org.testng.reporters.JUnitReportReporter -->
<testsuite skipped="0" hostname="AT-EK-LTPM018-Soni.local" name="com.ekincare.androidautomation.profile.FamilyMembers" tests="1" failures="0" timestamp="28 Feb 2020 07:49:18 GMT" time="124.097" errors="0">
  <testcase name="addFamilyMember" time="124.097" classname="com.ekincare.androidautomation.profile.FamilyMembers"/>
</testsuite> <!-- com.ekincare.androidautomation.profile.FamilyMembers -->
