<?xml version="1.0" encoding="UTF-8"?>
<!-- Generated by org.testng.reporters.JUnitReportReporter -->
<testsuite skipped="0" hostname="AT-EK-LTPM018-Soni.local" name="com.ekincare.androidautomation.improve.Events" tests="3" failures="0" timestamp="02 Mar 2020 09:53:48 GMT" time="126.439" errors="0">
  <testcase name="goingEvent" time="49.046" classname="com.ekincare.androidautomation.improve.Events"/>
  <testcase name="notGoingEvent" time="36.986" classname="com.ekincare.androidautomation.improve.Events"/>
  <testcase name="notSureEvent" time="40.407" classname="com.ekincare.androidautomation.improve.Events"/>
</testsuite> <!-- com.ekincare.androidautomation.improve.Events -->
