<?xml version="1.0" encoding="UTF-8"?>
<!-- Generated by org.testng.reporters.JUnitReportReporter -->
<testsuite skipped="0" hostname="AT-EK-LTPM018-Soni.local" name="com.ekincare.androidautomation.home.TalkWithFamilyDoctorTest" tests="1" failures="0" timestamp="24 Feb 2020 13:03:04 GMT" time="45.766" errors="0">
  <testcase name="addToCalender" time="45.766" classname="com.ekincare.androidautomation.home.TalkWithFamilyDoctorTest"/>
</testsuite> <!-- com.ekincare.androidautomation.home.TalkWithFamilyDoctorTest -->
