<?xml version="1.0" encoding="UTF-8"?>
<!-- Generated by org.testng.reporters.JUnitReportReporter -->
<testsuite skipped="0" hostname="AT-EK-LTPM018-Soni.local" name="com.ekincare.androidautomation.benefits.TalkWithFamilyDoctorTest" tests="7" failures="0" timestamp="02 Mar 2020 05:33:04 GMT" time="423.956" errors="0">
  <testcase name="aboutDoctor" time="59.727" classname="com.ekincare.androidautomation.benefits.TalkWithFamilyDoctorTest"/>
  <testcase name="scheduleAppointment" time="45.109" classname="com.ekincare.androidautomation.benefits.TalkWithFamilyDoctorTest"/>
  <testcase name="addToCalender" time="53.488" classname="com.ekincare.androidautomation.benefits.TalkWithFamilyDoctorTest"/>
  <testcase name="scheduleAppointmentPlusReschedule" time="60.254" classname="com.ekincare.androidautomation.benefits.TalkWithFamilyDoctorTest"/>
  <testcase name="scheduleAppointmentPlusCancel" time="51.173" classname="com.ekincare.androidautomation.benefits.TalkWithFamilyDoctorTest"/>
  <testcase name="SchedulePlusReschedulePlusCancelAppointment" time="103.357" classname="com.ekincare.androidautomation.benefits.TalkWithFamilyDoctorTest"/>
  <testcase name="BookAppointmentWithFamilyMember" time="50.848" classname="com.ekincare.androidautomation.benefits.TalkWithFamilyDoctorTest"/>
</testsuite> <!-- com.ekincare.androidautomation.benefits.TalkWithFamilyDoctorTest -->
