<?xml version="1.0" encoding="UTF-8"?>
<!-- Generated by org.testng.reporters.JUnitReportReporter -->
<testsuite skipped="0" hostname="AT-EK-LTPM018-Soni.local" name="com.ekincare.androidautomation.profile.FamilyMembersTest" tests="2" failures="0" timestamp="05 Mar 2020 08:41:24 GMT" time="124.262" errors="0">
  <testcase name="addFamilyMember" time="54.182" classname="com.ekincare.androidautomation.profile.FamilyMembersTest"/>
  <testcase name="familyMemberHRA" time="70.080" classname="com.ekincare.androidautomation.profile.FamilyMembersTest"/>
</testsuite> <!-- com.ekincare.androidautomation.profile.FamilyMembersTest -->
