<?xml version="1.0" encoding="UTF-8"?>
<!-- Generated by org.testng.reporters.JUnitReportReporter -->
<testsuite skipped="0" hostname="AT-EK-LTPM018-Soni.local" name="com.ekincare.androidautomation.improve.Events" tests="3" failures="0" timestamp="03 Mar 2020 05:39:18 GMT" time="125.806" errors="0">
  <testcase name="goingEvent" time="49.416" classname="com.ekincare.androidautomation.improve.Events"/>
  <testcase name="notGoingEvent" time="36.268" classname="com.ekincare.androidautomation.improve.Events"/>
  <testcase name="notSureEvent" time="40.122" classname="com.ekincare.androidautomation.improve.Events"/>
</testsuite> <!-- com.ekincare.androidautomation.improve.Events -->
