<?xml version="1.0" encoding="UTF-8"?>
<!-- Generated by org.testng.reporters.JUnitReportReporter -->
<testsuite skipped="0" hostname="AT-EK-LTPM018-Soni.local" name="com.ekincare.androidautomation.benefits.HealthCheckupScenarioTest" tests="5" failures="0" timestamp="05 Mar 2020 09:50:20 GMT" time="293.146" errors="0">
  <testcase name="healthCheckupSelf" time="53.398" classname="com.ekincare.androidautomation.benefits.HealthCheckupScenarioTest"/>
  <testcase name="healthCheckupFamilyMember" time="56.547" classname="com.ekincare.androidautomation.benefits.HealthCheckupScenarioTest"/>
  <testcase name="annualhealthCheckupSelf" time="61.353" classname="com.ekincare.androidautomation.benefits.HealthCheckupScenarioTest"/>
  <testcase name="annualhealthCheckupFamilyMember" time="60.099" classname="com.ekincare.androidautomation.benefits.HealthCheckupScenarioTest"/>
  <testcase name="annualhealthCheckupSelfPlusFamilyMember" time="61.749" classname="com.ekincare.androidautomation.benefits.HealthCheckupScenarioTest"/>
</testsuite> <!-- com.ekincare.androidautomation.benefits.HealthCheckupScenarioTest -->
