<?xml version="1.0" encoding="UTF-8"?>
<!-- Generated by org.testng.reporters.JUnitReportReporter -->
<testsuite skipped="0" hostname="AT-EK-LTPM018-Soni.local" name="com.ekincare.androidautomation.HomeTest" tests="9" failures="0" timestamp="2020-02-20T11:37:55 IST" time="577.120" errors="0">
  <testcase name="healthCheckup" time="52.865" classname="com.ekincare.androidautomation.HomeTest"/>
  <testcase name="gymAndFitness" time="44.596" classname="com.ekincare.androidautomation.HomeTest"/>
  <testcase name="orderMedicinesFromGallery" time="88.667" classname="com.ekincare.androidautomation.HomeTest"/>
  <testcase name="orderMedicineByNameWithoutAddressSelf" time="94.124" classname="com.ekincare.androidautomation.HomeTest"/>
  <testcase name="orderMedicineByNameWithAddressSelf" time="46.471" classname="com.ekincare.androidautomation.HomeTest"/>
  <testcase name="orderMedicineByNameWithChangeAddressSelf" time="58.600" classname="com.ekincare.androidautomation.HomeTest"/>
  <testcase name="orderMedicineByNameDeleteAddressSelf" time="45.822" classname="com.ekincare.androidautomation.HomeTest"/>
  <testcase name="orderMedicinesWithoutAddressSelf" time="94.834" classname="com.ekincare.androidautomation.HomeTest"/>
  <testcase name="orderMedicinesWithAddressSelf" time="51.141" classname="com.ekincare.androidautomation.HomeTest"/>
</testsuite> <!-- com.ekincare.androidautomation.HomeTest -->
