<?xml version="1.0" encoding="UTF-8"?>
<!-- Generated by org.testng.reporters.JUnitReportReporter -->
<testsuite skipped="0" hostname="AT-EK-LTPM018-Soni.local" name="com.ekincare.androidautomation.improve.EventsTest" tests="3" failures="0" timestamp="05 Mar 2020 08:41:54 GMT" time="127.328" errors="0">
  <testcase name="goingEvent" time="47.573" classname="com.ekincare.androidautomation.improve.EventsTest"/>
  <testcase name="notGoingEvent" time="36.956" classname="com.ekincare.androidautomation.improve.EventsTest"/>
  <testcase name="notSureEvent" time="42.799" classname="com.ekincare.androidautomation.improve.EventsTest"/>
</testsuite> <!-- com.ekincare.androidautomation.improve.EventsTest -->
