<?xml version="1.0" encoding="UTF-8"?>
<!-- Generated by org.testng.reporters.JUnitReportReporter -->
<testsuite skipped="0" hostname="AT-EK-LTPM018-Soni.local" name="com.ekincare.androidautomation.LoginTest" tests="4" failures="0" timestamp="04 Mar 2020 06:54:53 GMT" time="100.602" errors="1">
  <testcase name="validUsernameInvalidPasswordTest" time="27.904" classname="com.ekincare.androidautomation.LoginTest">
    <error type="java.lang.UnsatisfiedLinkError" message="Unable to load library &#039;tesseract&#039;:
dlopen(libtesseract.dylib, 9): image not found
dlopen(libtesseract.dylib, 9): image not found
Native library (darwin/libtesseract.dylib) not found in resource path ([file:/Applications/Eclipse.app/Contents/Eclipse/configuration/org.eclipse.osgi/483/0/.cp/lib/testng-remote.jar, file:/Users/ekincare/eclipse-workspace/AndroidAutomation/target/test-classes/, file:/Users/ekincare/eclipse-workspace/AndroidAutomation/target/classes/, file:/Users/ekincare/.m2/repository/log4j/log4j/1.2.17/log4j-1.2.17.jar, file:/Users/ekincare/.m2/repository/org/apache/poi/poi-ooxml/4.1.1/poi-ooxml-4.1.1.jar, file:/Users/ekincare/.m2/repository/org/apache/poi/poi/4.1.1/poi-4.1.1.jar, file:/Users/ekincare/.m2/repository/commons-codec/commons-codec/1.13/commons-codec-1.13.jar, file:/Users/ekincare/.m2/repository/org/apache/commons/commons-collections4/4.4/commons-collections4-4.4.jar, file:/Users/ekincare/.m2/repository/org/apache/commons/commons-math3/3.6.1/commons-math3-3.6.1.jar, file:/Users/ekincare/.m2/repository/org/apache/poi/poi-ooxml-schemas/4.1.1/poi-ooxml-schemas-4.1.1.jar, file:/Users/ekincare/.m2/repository/org/apache/xmlbeans/xmlbeans/3.1.0/xmlbeans-3.1.0.jar, file:/Users/ekincare/.m2/repository/org/apache/commons/commons-compress/1.19/commons-compress-1.19.jar, file:/Users/ekincare/.m2/repository/com/github/virtuald/curvesapi/1.06/curvesapi-1.06.jar, file:/Users/ekincare/.m2/repository/commons-io/commons-io/2.4/commons-io-2.4.jar, file:/Users/ekincare/.m2/repository/com/relevantcodes/extentreports/2.41.2/extentreports-2.41.2.jar, file:/Users/ekincare/.m2/repository/org/jsoup/jsoup/1.8.3/jsoup-1.8.3.jar, file:/Users/ekincare/.m2/repository/org/xerial/sqlite-jdbc/3.8.11.1/sqlite-jdbc-3.8.11.1.jar, file:/Users/ekincare/.m2/repository/org/freemarker/freemarker/2.3.23/freemarker-2.3.23.jar, file:/Users/ekincare/.m2/repository/org/mongodb/mongodb-driver/3.0.4/mongodb-driver-3.0.4.jar, file:/Users/ekincare/.m2/repository/org/mongodb/bson/3.0.4/bson-3.0.4.jar, file:/Users/ekincare/.m2/repository/org/mongodb/mongodb-driver-core/3.0.4/mongodb-driver-core-3.0.4.jar, file:/Users/ekincare/.m2/repository/net/sourceforge/tess4j/tess4j/4.4.1/tess4j-4.4.1.jar, file:/Users/ekincare/.m2/repository/net/java/dev/jna/jna/5.4.0/jna-5.4.0.jar, file:/Users/ekincare/.m2/repository/com/github/jai-imageio/jai-imageio-core/1.4.0/jai-imageio-core-1.4.0.jar, file:/Users/ekincare/.m2/repository/org/ghost4j/ghost4j/1.0.1/ghost4j-1.0.1.jar, file:/Users/ekincare/.m2/repository/commons-beanutils/commons-beanutils/1.9.2/commons-beanutils-1.9.2.jar, file:/Users/ekincare/.m2/repository/org/apache/xmlgraphics/xmlgraphics-commons/1.4/xmlgraphics-commons-1.4.jar, file:/Users/ekincare/.m2/repository/com/lowagie/itext/2.1.7/itext-2.1.7.jar, file:/Users/ekincare/.m2/repository/org/apache/pdfbox/pdfbox/2.0.17/pdfbox-2.0.17.jar, file:/Users/ekincare/.m2/repository/org/apache/pdfbox/fontbox/2.0.17/fontbox-2.0.17.jar, file:/Users/ekincare/.m2/repository/commons-logging/commons-logging/1.2/commons-logging-1.2.jar, file:/Users/ekincare/.m2/repository/org/apache/pdfbox/pdfbox-tools/2.0.17/pdfbox-tools-2.0.17.jar, file:/Users/ekincare/.m2/repository/org/apache/pdfbox/pdfbox-debugger/2.0.17/pdfbox-debugger-2.0.17.jar, file:/Users/ekincare/.m2/repository/org/apache/pdfbox/jbig2-imageio/3.0.2/jbig2-imageio-3.0.2.jar, file:/Users/ekincare/.m2/repository/net/sourceforge/lept4j/lept4j/1.12.3/lept4j-1.12.3.jar, file:/Users/ekincare/.m2/repository/org/jboss/jboss-vfs/3.2.14.Final/jboss-vfs-3.2.14.Final.jar, file:/Users/ekincare/.m2/repository/org/jboss/logging/jboss-logging/3.1.4.GA/jboss-logging-3.1.4.GA.jar, file:/Users/ekincare/.m2/repository/ch/qos/logback/logback-classic/1.1.3/logback-classic-1.1.3.jar, file:/Users/ekincare/.m2/repository/ch/qos/logback/logback-core/1.1.3/logback-core-1.1.3.jar, file:/Users/ekincare/.m2/repository/org/slf4j/jul-to-slf4j/1.7.12/jul-to-slf4j-1.7.12.jar, file:/Users/ekincare/.m2/repository/org/slf4j/jcl-over-slf4j/1.7.12/jcl-over-slf4j-1.7.12.jar, file:/Users/ekincare/.m2/repository/org/slf4j/log4j-over-slf4j/1.7.12/log4j-over-slf4j-1.7.12.jar, file:/Users/ekincare/.m2/repository/io/appium/java-client/7.0.0/java-client-7.0.0.jar, file:/Users/ekincare/.m2/repository/org/seleniumhq/selenium/selenium-support/3.141.59/selenium-support-3.141.59.jar, file:/Users/ekincare/.m2/repository/org/seleniumhq/selenium/selenium-api/3.141.59/selenium-api-3.141.59.jar, file:/Users/ekincare/.m2/repository/com/google/code/gson/gson/2.3.1/gson-2.3.1.jar, file:/Users/ekincare/.m2/repository/org/apache/httpcomponents/httpclient/4.3.6/httpclient-4.3.6.jar, file:/Users/ekincare/.m2/repository/org/apache/httpcomponents/httpcore/4.3.3/httpcore-4.3.3.jar, file:/Users/ekincare/.m2/repository/cglib/cglib/3.2.8/cglib-3.2.8.jar, file:/Users/ekincare/.m2/repository/org/ow2/asm/asm/6.2.1/asm-6.2.1.jar, file:/Users/ekincare/.m2/repository/org/apache/ant/ant/1.10.3/ant-1.10.3.jar, file:/Users/ekincare/.m2/repository/org/apache/ant/ant-launcher/1.10.3/ant-launcher-1.10.3.jar, file:/Users/ekincare/.m2/repository/commons-validator/commons-validator/1.6/commons-validator-1.6.jar, file:/Users/ekincare/.m2/repository/commons-digester/commons-digester/2.1/commons-digester-2.1.jar, file:/Users/ekincare/.m2/repository/commons-collections/commons-collections/3.2.1/commons-collections-3.2.1.jar, file:/Users/ekincare/.m2/repository/org/apache/commons/commons-lang3/3.8/commons-lang3-3.8.jar, file:/Users/ekincare/.m2/repository/org/springframework/spring-context/4.1.8.RELEASE/spring-context-4.1.8.RELEASE.jar, file:/Users/ekincare/.m2/repository/org/springframework/spring-aop/4.1.8.RELEASE/spring-aop-4.1.8.RELEASE.jar, file:/Users/ekincare/.m2/repository/aopalliance/aopalliance/1.0/aopalliance-1.0.jar, file:/Users/ekincare/.m2/repository/org/springframework/spring-beans/4.1.8.RELEASE/spring-beans-4.1.8.RELEASE.jar, file:/Users/ekincare/.m2/repository/org/springframework/spring-expression/4.1.8.RELEASE/spring-expression-4.1.8.RELEASE.jar, file:/Users/ekincare/.m2/repository/org/aspectj/aspectjweaver/1.8.7/aspectjweaver-1.8.7.jar, file:/Users/ekincare/.m2/repository/org/slf4j/slf4j-api/1.7.12/slf4j-api-1.7.12.jar, file:/Users/ekincare/.m2/repository/org/testng/testng/6.14.3/testng-6.14.3.jar, file:/Users/ekincare/.m2/repository/com/beust/jcommander/1.72/jcommander-1.72.jar, file:/Users/ekincare/.m2/repository/org/apache-extras/beanshell/bsh/2.0b6/bsh-2.0b6.jar, file:/Users/ekincare/.m2/repository/org/seleniumhq/selenium/selenium-java/3.141.59/selenium-java-3.141.59.jar, file:/Users/ekincare/.m2/repository/org/seleniumhq/selenium/selenium-chrome-driver/3.141.59/selenium-chrome-driver-3.141.59.jar, file:/Users/ekincare/.m2/repository/org/seleniumhq/selenium/selenium-edge-driver/3.141.59/selenium-edge-driver-3.141.59.jar, file:/Users/ekincare/.m2/repository/org/seleniumhq/selenium/selenium-firefox-driver/3.141.59/selenium-firefox-driver-3.141.59.jar, file:/Users/ekincare/.m2/repository/org/seleniumhq/selenium/selenium-ie-driver/3.141.59/selenium-ie-driver-3.141.59.jar, file:/Users/ekincare/.m2/repository/org/seleniumhq/selenium/selenium-opera-driver/3.141.59/selenium-opera-driver-3.141.59.jar, file:/Users/ekincare/.m2/repository/org/seleniumhq/selenium/selenium-remote-driver/3.141.59/selenium-remote-driver-3.141.59.jar, file:/Users/ekincare/.m2/repository/org/seleniumhq/selenium/selenium-safari-driver/3.141.59/selenium-safari-driver-3.141.59.jar, file:/Users/ekincare/.m2/repository/net/bytebuddy/byte-buddy/1.8.15/byte-buddy-1.8.15.jar, file:/Users/ekincare/.m2/repository/org/apache/commons/commons-exec/1.3/commons-exec-1.3.jar, file:/Users/ekincare/.m2/repository/com/google/guava/guava/25.0-jre/guava-25.0-jre.jar, file:/Users/ekincare/.m2/repository/com/google/code/findbugs/jsr305/1.3.9/jsr305-1.3.9.jar, file:/Users/ekincare/.m2/repository/org/checkerframework/checker-compat-qual/2.0.0/checker-compat-qual-2.0.0.jar, file:/Users/ekincare/.m2/repository/com/google/errorprone/error_prone_annotations/2.1.3/error_prone_annotations-2.1.3.jar, file:/Users/ekincare/.m2/repository/com/google/j2objc/j2objc-annotations/1.1/j2objc-annotations-1.1.jar, file:/Users/ekincare/.m2/repository/org/codehaus/mojo/animal-sniffer-annotations/1.14/animal-sniffer-annotations-1.14.jar, file:/Users/ekincare/.m2/repository/com/squareup/okhttp3/okhttp/3.11.0/okhttp-3.11.0.jar, file:/Users/ekincare/.m2/repository/com/squareup/okio/okio/1.14.0/okio-1.14.0.jar, file:/Users/ekincare/.m2/repository/org/springframework/boot/spring-boot-starter-web/1.2.7.RELEASE/spring-boot-starter-web-1.2.7.RELEASE.jar, file:/Users/ekincare/.m2/repository/org/springframework/boot/spring-boot-starter/1.2.7.RELEASE/spring-boot-starter-1.2.7.RELEASE.jar, file:/Users/ekincare/.m2/repository/org/springframework/boot/spring-boot/1.2.7.RELEASE/spring-boot-1.2.7.RELEASE.jar, file:/Users/ekincare/.m2/repository/org/springframework/boot/spring-boot-autoconfigure/1.2.7.RELEASE/spring-boot-autoconfigure-1.2.7.RELEASE.jar, file:/Users/ekincare/.m2/repository/org/springframework/boot/spring-boot-starter-logging/1.2.7.RELEASE/spring-boot-starter-logging-1.2.7.RELEASE.jar, file:/Users/ekincare/.m2/repository/org/yaml/snakeyaml/1.14/snakeyaml-1.14.jar, file:/Users/ekincare/.m2/repository/org/springframework/boot/spring-boot-starter-tomcat/1.2.7.RELEASE/spring-boot-starter-tomcat-1.2.7.RELEASE.jar, file:/Users/ekincare/.m2/repository/org/apache/tomcat/embed/tomcat-embed-core/8.0.28/tomcat-embed-core-8.0.28.jar, file:/Users/ekincare/.m2/repository/org/apache/tomcat/embed/tomcat-embed-el/8.0.28/tomcat-embed-el-8.0.28.jar, file:/Users/ekincare/.m2/repository/org/apache/tomcat/embed/tomcat-embed-logging-juli/8.0.28/tomcat-embed-logging-juli-8.0.28.jar, file:/Users/ekincare/.m2/repository/org/apache/tomcat/embed/tomcat-embed-websocket/8.0.28/tomcat-embed-websocket-8.0.28.jar, file:/Users/ekincare/.m2/repository/com/fasterxml/jackson/core/jackson-databind/2.4.6/jackson-databind-2.4.6.jar, file:/Users/ekincare/.m2/repository/com/fasterxml/jackson/core/jackson-annotations/2.4.6/jackson-annotations-2.4.6.jar, file:/Users/ekincare/.m2/repository/com/fasterxml/jackson/core/jackson-core/2.4.6/jackson-core-2.4.6.jar, file:/Users/ekincare/.m2/repository/org/hibernate/hibernate-validator/5.1.3.Final/hibernate-validator-5.1.3.Final.jar, file:/Users/ekincare/.m2/repository/javax/validation/validation-api/1.1.0.Final/validation-api-1.1.0.Final.jar, file:/Users/ekincare/.m2/repository/com/fasterxml/classmate/1.0.0/classmate-1.0.0.jar, file:/Users/ekincare/.m2/repository/org/springframework/spring-core/4.1.8.RELEASE/spring-core-4.1.8.RELEASE.jar, file:/Users/ekincare/.m2/repository/org/springframework/spring-web/4.1.8.RELEASE/spring-web-4.1.8.RELEASE.jar, file:/Users/ekincare/.m2/repository/org/springframework/spring-webmvc/4.1.8.RELEASE/spring-webmvc-4.1.8.RELEASE.jar, file:/Users/ekincare/.m2/repository/org/springframework/boot/spring-boot-starter-jdbc/1.2.7.RELEASE/spring-boot-starter-jdbc-1.2.7.RELEASE.jar, file:/Users/ekincare/.m2/repository/org/springframework/spring-jdbc/4.1.8.RELEASE/spring-jdbc-4.1.8.RELEASE.jar, file:/Users/ekincare/.m2/repository/org/apache/tomcat/tomcat-jdbc/8.0.28/tomcat-jdbc-8.0.28.jar, file:/Users/ekincare/.m2/repository/org/apache/tomcat/tomcat-juli/8.0.28/tomcat-juli-8.0.28.jar, file:/Users/ekincare/.m2/repository/org/springframework/spring-tx/4.1.8.RELEASE/spring-tx-4.1.8.RELEASE.jar, file:/Users/ekincare/.m2/repository/com/h2database/h2/1.4.190/h2-1.4.190.jar, file:/Users/ekincare/.m2/repository/org/projectlombok/lombok/1.14.8/lombok-1.14.8.jar, file:/Users/ekincare/.m2/repository/org/bgee/log4jdbc-log4j2/log4jdbc-log4j2-jdbc4.1/1.16/log4jdbc-log4j2-jdbc4.1-1.16.jar, file:/Users/ekincare/.m2/repository/org/springframework/boot/spring-boot-starter-test/1.2.7.RELEASE/spring-boot-starter-test-1.2.7.RELEASE.jar, file:/Users/ekincare/.m2/repository/junit/junit/4.12/junit-4.12.jar, file:/Users/ekincare/.m2/repository/org/mockito/mockito-core/1.10.19/mockito-core-1.10.19.jar, file:/Users/ekincare/.m2/repository/org/objenesis/objenesis/2.1/objenesis-2.1.jar, file:/Users/ekincare/.m2/repository/org/hamcrest/hamcrest-core/1.3/hamcrest-core-1.3.jar, file:/Users/ekincare/.m2/repository/org/hamcrest/hamcrest-library/1.3/hamcrest-library-1.3.jar, file:/Users/ekincare/.m2/repository/org/springframework/spring-test/4.1.8.RELEASE/spring-test-4.1.8.RELEASE.jar, file:/Users/ekincare/.m2/repository/com/jayway/restassured/rest-assured/2.3.3/rest-assured-2.3.3.jar, file:/Users/ekincare/.m2/repository/org/codehaus/groovy/groovy/2.4.4/groovy-2.4.4.jar, file:/Users/ekincare/.m2/repository/org/codehaus/groovy/groovy-xml/2.4.4/groovy-xml-2.4.4.jar, file:/Users/ekincare/.m2/repository/org/apache/httpcomponents/httpmime/4.3.6/httpmime-4.3.6.jar, file:/Users/ekincare/.m2/repository/org/ccil/cowan/tagsoup/tagsoup/1.2.1/tagsoup-1.2.1.jar, file:/Users/ekincare/.m2/repository/com/jayway/restassured/json-path/2.3.3/json-path-2.3.3.jar, file:/Users/ekincare/.m2/repository/org/codehaus/groovy/groovy-json/2.4.4/groovy-json-2.4.4.jar, file:/Users/ekincare/.m2/repository/com/jayway/restassured/rest-assured-common/2.3.3/rest-assured-common-2.3.3.jar, file:/Users/ekincare/.m2/repository/com/jayway/restassured/xml-path/2.3.3/xml-path-2.3.3.jar])">
      <![CDATA[java.lang.UnsatisfiedLinkError: Unable to load library 'tesseract':
dlopen(libtesseract.dylib, 9): image not found
dlopen(libtesseract.dylib, 9): image not found
Native library (darwin/libtesseract.dylib) not found in resource path ([file:/Applications/Eclipse.app/Contents/Eclipse/configuration/org.eclipse.osgi/483/0/.cp/lib/testng-remote.jar, file:/Users/ekincare/eclipse-workspace/AndroidAutomation/target/test-classes/, file:/Users/ekincare/eclipse-workspace/AndroidAutomation/target/classes/, file:/Users/ekincare/.m2/repository/log4j/log4j/1.2.17/log4j-1.2.17.jar, file:/Users/ekincare/.m2/repository/org/apache/poi/poi-ooxml/4.1.1/poi-ooxml-4.1.1.jar, file:/Users/ekincare/.m2/repository/org/apache/poi/poi/4.1.1/poi-4.1.1.jar, file:/Users/ekincare/.m2/repository/commons-codec/commons-codec/1.13/commons-codec-1.13.jar, file:/Users/ekincare/.m2/repository/org/apache/commons/commons-collections4/4.4/commons-collections4-4.4.jar, file:/Users/ekincare/.m2/repository/org/apache/commons/commons-math3/3.6.1/commons-math3-3.6.1.jar, file:/Users/ekincare/.m2/repository/org/apache/poi/poi-ooxml-schemas/4.1.1/poi-ooxml-schemas-4.1.1.jar, file:/Users/ekincare/.m2/repository/org/apache/xmlbeans/xmlbeans/3.1.0/xmlbeans-3.1.0.jar, file:/Users/ekincare/.m2/repository/org/apache/commons/commons-compress/1.19/commons-compress-1.19.jar, file:/Users/ekincare/.m2/repository/com/github/virtuald/curvesapi/1.06/curvesapi-1.06.jar, file:/Users/ekincare/.m2/repository/commons-io/commons-io/2.4/commons-io-2.4.jar, file:/Users/ekincare/.m2/repository/com/relevantcodes/extentreports/2.41.2/extentreports-2.41.2.jar, file:/Users/ekincare/.m2/repository/org/jsoup/jsoup/1.8.3/jsoup-1.8.3.jar, file:/Users/ekincare/.m2/repository/org/xerial/sqlite-jdbc/3.8.11.1/sqlite-jdbc-3.8.11.1.jar, file:/Users/ekincare/.m2/repository/org/freemarker/freemarker/2.3.23/freemarker-2.3.23.jar, file:/Users/ekincare/.m2/repository/org/mongodb/mongodb-driver/3.0.4/mongodb-driver-3.0.4.jar, file:/Users/ekincare/.m2/repository/org/mongodb/bson/3.0.4/bson-3.0.4.jar, file:/Users/ekincare/.m2/repository/org/mongodb/mongodb-driver-core/3.0.4/mongodb-driver-core-3.0.4.jar, file:/Users/ekincare/.m2/repository/net/sourceforge/tess4j/tess4j/4.4.1/tess4j-4.4.1.jar, file:/Users/ekincare/.m2/repository/net/java/dev/jna/jna/5.4.0/jna-5.4.0.jar, file:/Users/ekincare/.m2/repository/com/github/jai-imageio/jai-imageio-core/1.4.0/jai-imageio-core-1.4.0.jar, file:/Users/ekincare/.m2/repository/org/ghost4j/ghost4j/1.0.1/ghost4j-1.0.1.jar, file:/Users/ekincare/.m2/repository/commons-beanutils/commons-beanutils/1.9.2/commons-beanutils-1.9.2.jar, file:/Users/ekincare/.m2/repository/org/apache/xmlgraphics/xmlgraphics-commons/1.4/xmlgraphics-commons-1.4.jar, file:/Users/ekincare/.m2/repository/com/lowagie/itext/2.1.7/itext-2.1.7.jar, file:/Users/ekincare/.m2/repository/org/apache/pdfbox/pdfbox/2.0.17/pdfbox-2.0.17.jar, file:/Users/ekincare/.m2/repository/org/apache/pdfbox/fontbox/2.0.17/fontbox-2.0.17.jar, file:/Users/ekincare/.m2/repository/commons-logging/commons-logging/1.2/commons-logging-1.2.jar, file:/Users/ekincare/.m2/repository/org/apache/pdfbox/pdfbox-tools/2.0.17/pdfbox-tools-2.0.17.jar, file:/Users/ekincare/.m2/repository/org/apache/pdfbox/pdfbox-debugger/2.0.17/pdfbox-debugger-2.0.17.jar, file:/Users/ekincare/.m2/repository/org/apache/pdfbox/jbig2-imageio/3.0.2/jbig2-imageio-3.0.2.jar, file:/Users/ekincare/.m2/repository/net/sourceforge/lept4j/lept4j/1.12.3/lept4j-1.12.3.jar, file:/Users/ekincare/.m2/repository/org/jboss/jboss-vfs/3.2.14.Final/jboss-vfs-3.2.14.Final.jar, file:/Users/ekincare/.m2/repository/org/jboss/logging/jboss-logging/3.1.4.GA/jboss-logging-3.1.4.GA.jar, file:/Users/ekincare/.m2/repository/ch/qos/logback/logback-classic/1.1.3/logback-classic-1.1.3.jar, file:/Users/ekincare/.m2/repository/ch/qos/logback/logback-core/1.1.3/logback-core-1.1.3.jar, file:/Users/ekincare/.m2/repository/org/slf4j/jul-to-slf4j/1.7.12/jul-to-slf4j-1.7.12.jar, file:/Users/ekincare/.m2/repository/org/slf4j/jcl-over-slf4j/1.7.12/jcl-over-slf4j-1.7.12.jar, file:/Users/ekincare/.m2/repository/org/slf4j/log4j-over-slf4j/1.7.12/log4j-over-slf4j-1.7.12.jar, file:/Users/ekincare/.m2/repository/io/appium/java-client/7.0.0/java-client-7.0.0.jar, file:/Users/ekincare/.m2/repository/org/seleniumhq/selenium/selenium-support/3.141.59/selenium-support-3.141.59.jar, file:/Users/ekincare/.m2/repository/org/seleniumhq/selenium/selenium-api/3.141.59/selenium-api-3.141.59.jar, file:/Users/ekincare/.m2/repository/com/google/code/gson/gson/2.3.1/gson-2.3.1.jar, file:/Users/ekincare/.m2/repository/org/apache/httpcomponents/httpclient/4.3.6/httpclient-4.3.6.jar, file:/Users/ekincare/.m2/repository/org/apache/httpcomponents/httpcore/4.3.3/httpcore-4.3.3.jar, file:/Users/ekincare/.m2/repository/cglib/cglib/3.2.8/cglib-3.2.8.jar, file:/Users/ekincare/.m2/repository/org/ow2/asm/asm/6.2.1/asm-6.2.1.jar, file:/Users/ekincare/.m2/repository/org/apache/ant/ant/1.10.3/ant-1.10.3.jar, file:/Users/ekincare/.m2/repository/org/apache/ant/ant-launcher/1.10.3/ant-launcher-1.10.3.jar, file:/Users/ekincare/.m2/repository/commons-validator/commons-validator/1.6/commons-validator-1.6.jar, file:/Users/ekincare/.m2/repository/commons-digester/commons-digester/2.1/commons-digester-2.1.jar, file:/Users/ekincare/.m2/repository/commons-collections/commons-collections/3.2.1/commons-collections-3.2.1.jar, file:/Users/ekincare/.m2/repository/org/apache/commons/commons-lang3/3.8/commons-lang3-3.8.jar, file:/Users/ekincare/.m2/repository/org/springframework/spring-context/4.1.8.RELEASE/spring-context-4.1.8.RELEASE.jar, file:/Users/ekincare/.m2/repository/org/springframework/spring-aop/4.1.8.RELEASE/spring-aop-4.1.8.RELEASE.jar, file:/Users/ekincare/.m2/repository/aopalliance/aopalliance/1.0/aopalliance-1.0.jar, file:/Users/ekincare/.m2/repository/org/springframework/spring-beans/4.1.8.RELEASE/spring-beans-4.1.8.RELEASE.jar, file:/Users/ekincare/.m2/repository/org/springframework/spring-expression/4.1.8.RELEASE/spring-expression-4.1.8.RELEASE.jar, file:/Users/ekincare/.m2/repository/org/aspectj/aspectjweaver/1.8.7/aspectjweaver-1.8.7.jar, file:/Users/ekincare/.m2/repository/org/slf4j/slf4j-api/1.7.12/slf4j-api-1.7.12.jar, file:/Users/ekincare/.m2/repository/org/testng/testng/6.14.3/testng-6.14.3.jar, file:/Users/ekincare/.m2/repository/com/beust/jcommander/1.72/jcommander-1.72.jar, file:/Users/ekincare/.m2/repository/org/apache-extras/beanshell/bsh/2.0b6/bsh-2.0b6.jar, file:/Users/ekincare/.m2/repository/org/seleniumhq/selenium/selenium-java/3.141.59/selenium-java-3.141.59.jar, file:/Users/ekincare/.m2/repository/org/seleniumhq/selenium/selenium-chrome-driver/3.141.59/selenium-chrome-driver-3.141.59.jar, file:/Users/ekincare/.m2/repository/org/seleniumhq/selenium/selenium-edge-driver/3.141.59/selenium-edge-driver-3.141.59.jar, file:/Users/ekincare/.m2/repository/org/seleniumhq/selenium/selenium-firefox-driver/3.141.59/selenium-firefox-driver-3.141.59.jar, file:/Users/ekincare/.m2/repository/org/seleniumhq/selenium/selenium-ie-driver/3.141.59/selenium-ie-driver-3.141.59.jar, file:/Users/ekincare/.m2/repository/org/seleniumhq/selenium/selenium-opera-driver/3.141.59/selenium-opera-driver-3.141.59.jar, file:/Users/ekincare/.m2/repository/org/seleniumhq/selenium/selenium-remote-driver/3.141.59/selenium-remote-driver-3.141.59.jar, file:/Users/ekincare/.m2/repository/org/seleniumhq/selenium/selenium-safari-driver/3.141.59/selenium-safari-driver-3.141.59.jar, file:/Users/ekincare/.m2/repository/net/bytebuddy/byte-buddy/1.8.15/byte-buddy-1.8.15.jar, file:/Users/ekincare/.m2/repository/org/apache/commons/commons-exec/1.3/commons-exec-1.3.jar, file:/Users/ekincare/.m2/repository/com/google/guava/guava/25.0-jre/guava-25.0-jre.jar, file:/Users/ekincare/.m2/repository/com/google/code/findbugs/jsr305/1.3.9/jsr305-1.3.9.jar, file:/Users/ekincare/.m2/repository/org/checkerframework/checker-compat-qual/2.0.0/checker-compat-qual-2.0.0.jar, file:/Users/ekincare/.m2/repository/com/google/errorprone/error_prone_annotations/2.1.3/error_prone_annotations-2.1.3.jar, file:/Users/ekincare/.m2/repository/com/google/j2objc/j2objc-annotations/1.1/j2objc-annotations-1.1.jar, file:/Users/ekincare/.m2/repository/org/codehaus/mojo/animal-sniffer-annotations/1.14/animal-sniffer-annotations-1.14.jar, file:/Users/ekincare/.m2/repository/com/squareup/okhttp3/okhttp/3.11.0/okhttp-3.11.0.jar, file:/Users/ekincare/.m2/repository/com/squareup/okio/okio/1.14.0/okio-1.14.0.jar, file:/Users/ekincare/.m2/repository/org/springframework/boot/spring-boot-starter-web/1.2.7.RELEASE/spring-boot-starter-web-1.2.7.RELEASE.jar, file:/Users/ekincare/.m2/repository/org/springframework/boot/spring-boot-starter/1.2.7.RELEASE/spring-boot-starter-1.2.7.RELEASE.jar, file:/Users/ekincare/.m2/repository/org/springframework/boot/spring-boot/1.2.7.RELEASE/spring-boot-1.2.7.RELEASE.jar, file:/Users/ekincare/.m2/repository/org/springframework/boot/spring-boot-autoconfigure/1.2.7.RELEASE/spring-boot-autoconfigure-1.2.7.RELEASE.jar, file:/Users/ekincare/.m2/repository/org/springframework/boot/spring-boot-starter-logging/1.2.7.RELEASE/spring-boot-starter-logging-1.2.7.RELEASE.jar, file:/Users/ekincare/.m2/repository/org/yaml/snakeyaml/1.14/snakeyaml-1.14.jar, file:/Users/ekincare/.m2/repository/org/springframework/boot/spring-boot-starter-tomcat/1.2.7.RELEASE/spring-boot-starter-tomcat-1.2.7.RELEASE.jar, file:/Users/ekincare/.m2/repository/org/apache/tomcat/embed/tomcat-embed-core/8.0.28/tomcat-embed-core-8.0.28.jar, file:/Users/ekincare/.m2/repository/org/apache/tomcat/embed/tomcat-embed-el/8.0.28/tomcat-embed-el-8.0.28.jar, file:/Users/ekincare/.m2/repository/org/apache/tomcat/embed/tomcat-embed-logging-juli/8.0.28/tomcat-embed-logging-juli-8.0.28.jar, file:/Users/ekincare/.m2/repository/org/apache/tomcat/embed/tomcat-embed-websocket/8.0.28/tomcat-embed-websocket-8.0.28.jar, file:/Users/ekincare/.m2/repository/com/fasterxml/jackson/core/jackson-databind/2.4.6/jackson-databind-2.4.6.jar, file:/Users/ekincare/.m2/repository/com/fasterxml/jackson/core/jackson-annotations/2.4.6/jackson-annotations-2.4.6.jar, file:/Users/ekincare/.m2/repository/com/fasterxml/jackson/core/jackson-core/2.4.6/jackson-core-2.4.6.jar, file:/Users/ekincare/.m2/repository/org/hibernate/hibernate-validator/5.1.3.Final/hibernate-validator-5.1.3.Final.jar, file:/Users/ekincare/.m2/repository/javax/validation/validation-api/1.1.0.Final/validation-api-1.1.0.Final.jar, file:/Users/ekincare/.m2/repository/com/fasterxml/classmate/1.0.0/classmate-1.0.0.jar, file:/Users/ekincare/.m2/repository/org/springframework/spring-core/4.1.8.RELEASE/spring-core-4.1.8.RELEASE.jar, file:/Users/ekincare/.m2/repository/org/springframework/spring-web/4.1.8.RELEASE/spring-web-4.1.8.RELEASE.jar, file:/Users/ekincare/.m2/repository/org/springframework/spring-webmvc/4.1.8.RELEASE/spring-webmvc-4.1.8.RELEASE.jar, file:/Users/ekincare/.m2/repository/org/springframework/boot/spring-boot-starter-jdbc/1.2.7.RELEASE/spring-boot-starter-jdbc-1.2.7.RELEASE.jar, file:/Users/ekincare/.m2/repository/org/springframework/spring-jdbc/4.1.8.RELEASE/spring-jdbc-4.1.8.RELEASE.jar, file:/Users/ekincare/.m2/repository/org/apache/tomcat/tomcat-jdbc/8.0.28/tomcat-jdbc-8.0.28.jar, file:/Users/ekincare/.m2/repository/org/apache/tomcat/tomcat-juli/8.0.28/tomcat-juli-8.0.28.jar, file:/Users/ekincare/.m2/repository/org/springframework/spring-tx/4.1.8.RELEASE/spring-tx-4.1.8.RELEASE.jar, file:/Users/ekincare/.m2/repository/com/h2database/h2/1.4.190/h2-1.4.190.jar, file:/Users/ekincare/.m2/repository/org/projectlombok/lombok/1.14.8/lombok-1.14.8.jar, file:/Users/ekincare/.m2/repository/org/bgee/log4jdbc-log4j2/log4jdbc-log4j2-jdbc4.1/1.16/log4jdbc-log4j2-jdbc4.1-1.16.jar, file:/Users/ekincare/.m2/repository/org/springframework/boot/spring-boot-starter-test/1.2.7.RELEASE/spring-boot-starter-test-1.2.7.RELEASE.jar, file:/Users/ekincare/.m2/repository/junit/junit/4.12/junit-4.12.jar, file:/Users/ekincare/.m2/repository/org/mockito/mockito-core/1.10.19/mockito-core-1.10.19.jar, file:/Users/ekincare/.m2/repository/org/objenesis/objenesis/2.1/objenesis-2.1.jar, file:/Users/ekincare/.m2/repository/org/hamcrest/hamcrest-core/1.3/hamcrest-core-1.3.jar, file:/Users/ekincare/.m2/repository/org/hamcrest/hamcrest-library/1.3/hamcrest-library-1.3.jar, file:/Users/ekincare/.m2/repository/org/springframework/spring-test/4.1.8.RELEASE/spring-test-4.1.8.RELEASE.jar, file:/Users/ekincare/.m2/repository/com/jayway/restassured/rest-assured/2.3.3/rest-assured-2.3.3.jar, file:/Users/ekincare/.m2/repository/org/codehaus/groovy/groovy/2.4.4/groovy-2.4.4.jar, file:/Users/ekincare/.m2/repository/org/codehaus/groovy/groovy-xml/2.4.4/groovy-xml-2.4.4.jar, file:/Users/ekincare/.m2/repository/org/apache/httpcomponents/httpmime/4.3.6/httpmime-4.3.6.jar, file:/Users/ekincare/.m2/repository/org/ccil/cowan/tagsoup/tagsoup/1.2.1/tagsoup-1.2.1.jar, file:/Users/ekincare/.m2/repository/com/jayway/restassured/json-path/2.3.3/json-path-2.3.3.jar, file:/Users/ekincare/.m2/repository/org/codehaus/groovy/groovy-json/2.4.4/groovy-json-2.4.4.jar, file:/Users/ekincare/.m2/repository/com/jayway/restassured/rest-assured-common/2.3.3/rest-assured-common-2.3.3.jar, file:/Users/ekincare/.m2/repository/com/jayway/restassured/xml-path/2.3.3/xml-path-2.3.3.jar])
at com.sun.jna.NativeLibrary.loadLibrary(NativeLibrary.java:302)
at com.sun.jna.NativeLibrary.getInstance(NativeLibrary.java:455)
at com.sun.jna.Library$Handler.<init>(Library.java:192)
at com.sun.jna.Native.loadLibrary(Native.java:646)
at com.sun.jna.Native.loadLibrary(Native.java:630)
at net.sourceforge.tess4j.util.LoadLibs.getTessAPIInstance(LoadLibs.java:85)
at net.sourceforge.tess4j.TessAPI.<clinit>(TessAPI.java:42)
at net.sourceforge.tess4j.Tesseract.init(Tesseract.java:427)
at net.sourceforge.tess4j.Tesseract.doOCR(Tesseract.java:223)
at net.sourceforge.tess4j.Tesseract.doOCR(Tesseract.java:195)
at com.ekincare.androidautomation.utility.Utility.readImage(Utility.java:96)
at com.ekincare.androidautomation.LoginTest.validUsernameInvalidPasswordTest(LoginTest.java:96)
at sun.reflect.NativeMethodAccessorImpl.invoke0(Native Method)
at sun.reflect.NativeMethodAccessorImpl.invoke(NativeMethodAccessorImpl.java:62)
at sun.reflect.DelegatingMethodAccessorImpl.invoke(DelegatingMethodAccessorImpl.java:43)
at java.lang.reflect.Method.invoke(Method.java:498)
at org.testng.internal.MethodInvocationHelper.invokeMethod(MethodInvocationHelper.java:124)
at org.testng.internal.Invoker.invokeMethod(Invoker.java:583)
at org.testng.internal.Invoker.invokeTestMethod(Invoker.java:719)
at org.testng.internal.Invoker.invokeTestMethods(Invoker.java:989)
at org.testng.internal.TestMethodWorker.invokeTestMethods(TestMethodWorker.java:125)
at org.testng.internal.TestMethodWorker.run(TestMethodWorker.java:109)
at org.testng.TestRunner.privateRun(TestRunner.java:648)
at org.testng.TestRunner.run(TestRunner.java:505)
at org.testng.SuiteRunner.runTest(SuiteRunner.java:455)
at org.testng.SuiteRunner.runSequentially(SuiteRunner.java:450)
at org.testng.SuiteRunner.privateRun(SuiteRunner.java:415)
at org.testng.SuiteRunner.run(SuiteRunner.java:364)
at org.testng.SuiteRunnerWorker.runSuite(SuiteRunnerWorker.java:52)
at org.testng.SuiteRunnerWorker.run(SuiteRunnerWorker.java:84)
at org.testng.TestNG.runSuitesSequentially(TestNG.java:1208)
at org.testng.TestNG.runSuitesLocally(TestNG.java:1137)
at org.testng.TestNG.runSuites(TestNG.java:1049)
at org.testng.TestNG.run(TestNG.java:1017)
at org.testng.remote.AbstractRemoteTestNG.run(AbstractRemoteTestNG.java:115)
at org.testng.remote.RemoteTestNG.initAndRun(RemoteTestNG.java:251)
at org.testng.remote.RemoteTestNG.main(RemoteTestNG.java:77)
Suppressed: java.lang.UnsatisfiedLinkError: dlopen(libtesseract.dylib, 9): image not found
at com.sun.jna.Native.open(Native Method)
at com.sun.jna.NativeLibrary.loadLibrary(NativeLibrary.java:191)
... 36 more
Suppressed: java.lang.UnsatisfiedLinkError: dlopen(libtesseract.dylib, 9): image not found
at com.sun.jna.Native.open(Native Method)
at com.sun.jna.NativeLibrary.loadLibrary(NativeLibrary.java:204)
... 36 more
Suppressed: java.io.IOException: Native library (darwin/libtesseract.dylib) not found in resource path ([file:/Applications/Eclipse.app/Contents/Eclipse/configuration/org.eclipse.osgi/483/0/.cp/lib/testng-remote.jar, file:/Users/ekincare/eclipse-workspace/AndroidAutomation/target/test-classes/, file:/Users/ekincare/eclipse-workspace/AndroidAutomation/target/classes/, file:/Users/ekincare/.m2/repository/log4j/log4j/1.2.17/log4j-1.2.17.jar, file:/Users/ekincare/.m2/repository/org/apache/poi/poi-ooxml/4.1.1/poi-ooxml-4.1.1.jar, file:/Users/ekincare/.m2/repository/org/apache/poi/poi/4.1.1/poi-4.1.1.jar, file:/Users/ekincare/.m2/repository/commons-codec/commons-codec/1.13/commons-codec-1.13.jar, file:/Users/ekincare/.m2/repository/org/apache/commons/commons-collections4/4.4/commons-collections4-4.4.jar, file:/Users/ekincare/.m2/repository/org/apache/commons/commons-math3/3.6.1/commons-math3-3.6.1.jar, file:/Users/ekincare/.m2/repository/org/apache/poi/poi-ooxml-schemas/4.1.1/poi-ooxml-schemas-4.1.1.jar, file:/Users/ekincare/.m2/repository/org/apache/xmlbeans/xmlbeans/3.1.0/xmlbeans-3.1.0.jar, file:/Users/ekincare/.m2/repository/org/apache/commons/commons-compress/1.19/commons-compress-1.19.jar, file:/Users/ekincare/.m2/repository/com/github/virtuald/curvesapi/1.06/curvesapi-1.06.jar, file:/Users/ekincare/.m2/repository/commons-io/commons-io/2.4/commons-io-2.4.jar, file:/Users/ekincare/.m2/repository/com/relevantcodes/extentreports/2.41.2/extentreports-2.41.2.jar, file:/Users/ekincare/.m2/repository/org/jsoup/jsoup/1.8.3/jsoup-1.8.3.jar, file:/Users/ekincare/.m2/repository/org/xerial/sqlite-jdbc/3.8.11.1/sqlite-jdbc-3.8.11.1.jar, file:/Users/ekincare/.m2/repository/org/freemarker/freemarker/2.3.23/freemarker-2.3.23.jar, file:/Users/ekincare/.m2/repository/org/mongodb/mongodb-driver/3.0.4/mongodb-driver-3.0.4.jar, file:/Users/ekincare/.m2/repository/org/mongodb/bson/3.0.4/bson-3.0.4.jar, file:/Users/ekincare/.m2/repository/org/mongodb/mongodb-driver-core/3.0.4/mongodb-driver-core-3.0.4.jar, file:/Users/ekincare/.m2/repository/net/sourceforge/tess4j/tess4j/4.4.1/tess4j-4.4.1.jar, file:/Users/ekincare/.m2/repository/net/java/dev/jna/jna/5.4.0/jna-5.4.0.jar, file:/Users/ekincare/.m2/repository/com/github/jai-imageio/jai-imageio-core/1.4.0/jai-imageio-core-1.4.0.jar, file:/Users/ekincare/.m2/repository/org/ghost4j/ghost4j/1.0.1/ghost4j-1.0.1.jar, file:/Users/ekincare/.m2/repository/commons-beanutils/commons-beanutils/1.9.2/commons-beanutils-1.9.2.jar, file:/Users/ekincare/.m2/repository/org/apache/xmlgraphics/xmlgraphics-commons/1.4/xmlgraphics-commons-1.4.jar, file:/Users/ekincare/.m2/repository/com/lowagie/itext/2.1.7/itext-2.1.7.jar, file:/Users/ekincare/.m2/repository/org/apache/pdfbox/pdfbox/2.0.17/pdfbox-2.0.17.jar, file:/Users/ekincare/.m2/repository/org/apache/pdfbox/fontbox/2.0.17/fontbox-2.0.17.jar, file:/Users/ekincare/.m2/repository/commons-logging/commons-logging/1.2/commons-logging-1.2.jar, file:/Users/ekincare/.m2/repository/org/apache/pdfbox/pdfbox-tools/2.0.17/pdfbox-tools-2.0.17.jar, file:/Users/ekincare/.m2/repository/org/apache/pdfbox/pdfbox-debugger/2.0.17/pdfbox-debugger-2.0.17.jar, file:/Users/ekincare/.m2/repository/org/apache/pdfbox/jbig2-imageio/3.0.2/jbig2-imageio-3.0.2.jar, file:/Users/ekincare/.m2/repository/net/sourceforge/lept4j/lept4j/1.12.3/lept4j-1.12.3.jar, file:/Users/ekincare/.m2/repository/org/jboss/jboss-vfs/3.2.14.Final/jboss-vfs-3.2.14.Final.jar, file:/Users/ekincare/.m2/repository/org/jboss/logging/jboss-logging/3.1.4.GA/jboss-logging-3.1.4.GA.jar, file:/Users/ekincare/.m2/repository/ch/qos/logback/logback-classic/1.1.3/logback-classic-1.1.3.jar, file:/Users/ekincare/.m2/repository/ch/qos/logback/logback-core/1.1.3/logback-core-1.1.3.jar, file:/Users/ekincare/.m2/repository/org/slf4j/jul-to-slf4j/1.7.12/jul-to-slf4j-1.7.12.jar, file:/Users/ekincare/.m2/repository/org/slf4j/jcl-over-slf4j/1.7.12/jcl-over-slf4j-1.7.12.jar, file:/Users/ekincare/.m2/repository/org/slf4j/log4j-over-slf4j/1.7.12/log4j-over-slf4j-1.7.12.jar, file:/Users/ekincare/.m2/repository/io/appium/java-client/7.0.0/java-client-7.0.0.jar, file:/Users/ekincare/.m2/repository/org/seleniumhq/selenium/selenium-support/3.141.59/selenium-support-3.141.59.jar, file:/Users/ekincare/.m2/repository/org/seleniumhq/selenium/selenium-api/3.141.59/selenium-api-3.141.59.jar, file:/Users/ekincare/.m2/repository/com/google/code/gson/gson/2.3.1/gson-2.3.1.jar, file:/Users/ekincare/.m2/repository/org/apache/httpcomponents/httpclient/4.3.6/httpclient-4.3.6.jar, file:/Users/ekincare/.m2/repository/org/apache/httpcomponents/httpcore/4.3.3/httpcore-4.3.3.jar, file:/Users/ekincare/.m2/repository/cglib/cglib/3.2.8/cglib-3.2.8.jar, file:/Users/ekincare/.m2/repository/org/ow2/asm/asm/6.2.1/asm-6.2.1.jar, file:/Users/ekincare/.m2/repository/org/apache/ant/ant/1.10.3/ant-1.10.3.jar, file:/Users/ekincare/.m2/repository/org/apache/ant/ant-launcher/1.10.3/ant-launcher-1.10.3.jar, file:/Users/ekincare/.m2/repository/commons-validator/commons-validator/1.6/commons-validator-1.6.jar, file:/Users/ekincare/.m2/repository/commons-digester/commons-digester/2.1/commons-digester-2.1.jar, file:/Users/ekincare/.m2/repository/commons-collections/commons-collections/3.2.1/commons-collections-3.2.1.jar, file:/Users/ekincare/.m2/repository/org/apache/commons/commons-lang3/3.8/commons-lang3-3.8.jar, file:/Users/ekincare/.m2/repository/org/springframework/spring-context/4.1.8.RELEASE/spring-context-4.1.8.RELEASE.jar, file:/Users/ekincare/.m2/repository/org/springframework/spring-aop/4.1.8.RELEASE/spring-aop-4.1.8.RELEASE.jar, file:/Users/ekincare/.m2/repository/aopalliance/aopalliance/1.0/aopalliance-1.0.jar, file:/Users/ekincare/.m2/repository/org/springframework/spring-beans/4.1.8.RELEASE/spring-beans-4.1.8.RELEASE.jar, file:/Users/ekincare/.m2/repository/org/springframework/spring-expression/4.1.8.RELEASE/spring-expression-4.1.8.RELEASE.jar, file:/Users/ekincare/.m2/repository/org/aspectj/aspectjweaver/1.8.7/aspectjweaver-1.8.7.jar, file:/Users/ekincare/.m2/repository/org/slf4j/slf4j-api/1.7.12/slf4j-api-1.7.12.jar, file:/Users/ekincare/.m2/repository/org/testng/testng/6.14.3/testng-6.14.3.jar, file:/Users/ekincare/.m2/repository/com/beust/jcommander/1.72/jcommander-1.72.jar, file:/Users/ekincare/.m2/repository/org/apache-extras/beanshell/bsh/2.0b6/bsh-2.0b6.jar, file:/Users/ekincare/.m2/repository/org/seleniumhq/selenium/selenium-java/3.141.59/selenium-java-3.141.59.jar, file:/Users/ekincare/.m2/repository/org/seleniumhq/selenium/selenium-chrome-driver/3.141.59/selenium-chrome-driver-3.141.59.jar, file:/Users/ekincare/.m2/repository/org/seleniumhq/selenium/selenium-edge-driver/3.141.59/selenium-edge-driver-3.141.59.jar, file:/Users/ekincare/.m2/repository/org/seleniumhq/selenium/selenium-firefox-driver/3.141.59/selenium-firefox-driver-3.141.59.jar, file:/Users/ekincare/.m2/repository/org/seleniumhq/selenium/selenium-ie-driver/3.141.59/selenium-ie-driver-3.141.59.jar, file:/Users/ekincare/.m2/repository/org/seleniumhq/selenium/selenium-opera-driver/3.141.59/selenium-opera-driver-3.141.59.jar, file:/Users/ekincare/.m2/repository/org/seleniumhq/selenium/selenium-remote-driver/3.141.59/selenium-remote-driver-3.141.59.jar, file:/Users/ekincare/.m2/repository/org/seleniumhq/selenium/selenium-safari-driver/3.141.59/selenium-safari-driver-3.141.59.jar, file:/Users/ekincare/.m2/repository/net/bytebuddy/byte-buddy/1.8.15/byte-buddy-1.8.15.jar, file:/Users/ekincare/.m2/repository/org/apache/commons/commons-exec/1.3/commons-exec-1.3.jar, file:/Users/ekincare/.m2/repository/com/google/guava/guava/25.0-jre/guava-25.0-jre.jar, file:/Users/ekincare/.m2/repository/com/google/code/findbugs/jsr305/1.3.9/jsr305-1.3.9.jar, file:/Users/ekincare/.m2/repository/org/checkerframework/checker-compat-qual/2.0.0/checker-compat-qual-2.0.0.jar, file:/Users/ekincare/.m2/repository/com/google/errorprone/error_prone_annotations/2.1.3/error_prone_annotations-2.1.3.jar, file:/Users/ekincare/.m2/repository/com/google/j2objc/j2objc-annotations/1.1/j2objc-annotations-1.1.jar, file:/Users/ekincare/.m2/repository/org/codehaus/mojo/animal-sniffer-annotations/1.14/animal-sniffer-annotations-1.14.jar, file:/Users/ekincare/.m2/repository/com/squareup/okhttp3/okhttp/3.11.0/okhttp-3.11.0.jar, file:/Users/ekincare/.m2/repository/com/squareup/okio/okio/1.14.0/okio-1.14.0.jar, file:/Users/ekincare/.m2/repository/org/springframework/boot/spring-boot-starter-web/1.2.7.RELEASE/spring-boot-starter-web-1.2.7.RELEASE.jar, file:/Users/ekincare/.m2/repository/org/springframework/boot/spring-boot-starter/1.2.7.RELEASE/spring-boot-starter-1.2.7.RELEASE.jar, file:/Users/ekincare/.m2/repository/org/springframework/boot/spring-boot/1.2.7.RELEASE/spring-boot-1.2.7.RELEASE.jar, file:/Users/ekincare/.m2/repository/org/springframework/boot/spring-boot-autoconfigure/1.2.7.RELEASE/spring-boot-autoconfigure-1.2.7.RELEASE.jar, file:/Users/ekincare/.m2/repository/org/springframework/boot/spring-boot-starter-logging/1.2.7.RELEASE/spring-boot-starter-logging-1.2.7.RELEASE.jar, file:/Users/ekincare/.m2/repository/org/yaml/snakeyaml/1.14/snakeyaml-1.14.jar, file:/Users/ekincare/.m2/repository/org/springframework/boot/spring-boot-starter-tomcat/1.2.7.RELEASE/spring-boot-starter-tomcat-1.2.7.RELEASE.jar, file:/Users/ekincare/.m2/repository/org/apache/tomcat/embed/tomcat-embed-core/8.0.28/tomcat-embed-core-8.0.28.jar, file:/Users/ekincare/.m2/repository/org/apache/tomcat/embed/tomcat-embed-el/8.0.28/tomcat-embed-el-8.0.28.jar, file:/Users/ekincare/.m2/repository/org/apache/tomcat/embed/tomcat-embed-logging-juli/8.0.28/tomcat-embed-logging-juli-8.0.28.jar, file:/Users/ekincare/.m2/repository/org/apache/tomcat/embed/tomcat-embed-websocket/8.0.28/tomcat-embed-websocket-8.0.28.jar, file:/Users/ekincare/.m2/repository/com/fasterxml/jackson/core/jackson-databind/2.4.6/jackson-databind-2.4.6.jar, file:/Users/ekincare/.m2/repository/com/fasterxml/jackson/core/jackson-annotations/2.4.6/jackson-annotations-2.4.6.jar, file:/Users/ekincare/.m2/repository/com/fasterxml/jackson/core/jackson-core/2.4.6/jackson-core-2.4.6.jar, file:/Users/ekincare/.m2/repository/org/hibernate/hibernate-validator/5.1.3.Final/hibernate-validator-5.1.3.Final.jar, file:/Users/ekincare/.m2/repository/javax/validation/validation-api/1.1.0.Final/validation-api-1.1.0.Final.jar, file:/Users/ekincare/.m2/repository/com/fasterxml/classmate/1.0.0/classmate-1.0.0.jar, file:/Users/ekincare/.m2/repository/org/springframework/spring-core/4.1.8.RELEASE/spring-core-4.1.8.RELEASE.jar, file:/Users/ekincare/.m2/repository/org/springframework/spring-web/4.1.8.RELEASE/spring-web-4.1.8.RELEASE.jar, file:/Users/ekincare/.m2/repository/org/springframework/spring-webmvc/4.1.8.RELEASE/spring-webmvc-4.1.8.RELEASE.jar, file:/Users/ekincare/.m2/repository/org/springframework/boot/spring-boot-starter-jdbc/1.2.7.RELEASE/spring-boot-starter-jdbc-1.2.7.RELEASE.jar, file:/Users/ekincare/.m2/repository/org/springframework/spring-jdbc/4.1.8.RELEASE/spring-jdbc-4.1.8.RELEASE.jar, file:/Users/ekincare/.m2/repository/org/apache/tomcat/tomcat-jdbc/8.0.28/tomcat-jdbc-8.0.28.jar, file:/Users/ekincare/.m2/repository/org/apache/tomcat/tomcat-juli/8.0.28/tomcat-juli-8.0.28.jar, file:/Users/ekincare/.m2/repository/org/springframework/spring-tx/4.1.8.RELEASE/spring-tx-4.1.8.RELEASE.jar, file:/Users/ekincare/.m2/repository/com/h2database/h2/1.4.190/h2-1.4.190.jar, file:/Users/ekincare/.m2/repository/org/projectlombok/lombok/1.14.8/lombok-1.14.8.jar, file:/Users/ekincare/.m2/repository/org/bgee/log4jdbc-log4j2/log4jdbc-log4j2-jdbc4.1/1.16/log4jdbc-log4j2-jdbc4.1-1.16.jar, file:/Users/ekincare/.m2/repository/org/springframework/boot/spring-boot-starter-test/1.2.7.RELEASE/spring-boot-starter-test-1.2.7.RELEASE.jar, file:/Users/ekincare/.m2/repository/junit/junit/4.12/junit-4.12.jar, file:/Users/ekincare/.m2/repository/org/mockito/mockito-core/1.10.19/mockito-core-1.10.19.jar, file:/Users/ekincare/.m2/repository/org/objenesis/objenesis/2.1/objenesis-2.1.jar, file:/Users/ekincare/.m2/repository/org/hamcrest/hamcrest-core/1.3/hamcrest-core-1.3.jar, file:/Users/ekincare/.m2/repository/org/hamcrest/hamcrest-library/1.3/hamcrest-library-1.3.jar, file:/Users/ekincare/.m2/repository/org/springframework/spring-test/4.1.8.RELEASE/spring-test-4.1.8.RELEASE.jar, file:/Users/ekincare/.m2/repository/com/jayway/restassured/rest-assured/2.3.3/rest-assured-2.3.3.jar, file:/Users/ekincare/.m2/repository/org/codehaus/groovy/groovy/2.4.4/groovy-2.4.4.jar, file:/Users/ekincare/.m2/repository/org/codehaus/groovy/groovy-xml/2.4.4/groovy-xml-2.4.4.jar, file:/Users/ekincare/.m2/repository/org/apache/httpcomponents/httpmime/4.3.6/httpmime-4.3.6.jar, file:/Users/ekincare/.m2/repository/org/ccil/cowan/tagsoup/tagsoup/1.2.1/tagsoup-1.2.1.jar, file:/Users/ekincare/.m2/repository/com/jayway/restassured/json-path/2.3.3/json-path-2.3.3.jar, file:/Users/ekincare/.m2/repository/org/codehaus/groovy/groovy-json/2.4.4/groovy-json-2.4.4.jar, file:/Users/ekincare/.m2/repository/com/jayway/restassured/rest-assured-common/2.3.3/rest-assured-common-2.3.3.jar, file:/Users/ekincare/.m2/repository/com/jayway/restassured/xml-path/2.3.3/xml-path-2.3.3.jar])
at com.sun.jna.Native.extractFromResourcePath(Native.java:1095)
at com.sun.jna.NativeLibrary.loadLibrary(NativeLibrary.java:276)
... 36 more
]]>
    </error>
  </testcase> <!-- validUsernameInvalidPasswordTest -->
  <testcase name="invalidUsernameValidPasswordTest" time="21.955" classname="com.ekincare.androidautomation.LoginTest"/>
  <testcase name="invalidUsernameInvalidPasswordTest" time="20.278" classname="com.ekincare.androidautomation.LoginTest"/>
  <testcase name="validUsernameValidPasswordTest" time="30.465" classname="com.ekincare.androidautomation.LoginTest"/>
</testsuite> <!-- com.ekincare.androidautomation.LoginTest -->
