<?xml version="1.0" encoding="UTF-8"?>
<!-- Generated by org.testng.reporters.JUnitReportReporter -->
<testsuite skipped="0" hostname="AT-EK-LTPM018-Soni.local" name="com.ekincare.androidautomation.improve.ChallengesTest" tests="4" failures="0" timestamp="05 Mar 2020 08:41:19 GMT" time="160.988" errors="0">
  <testcase name="knowMore" time="39.730" classname="com.ekincare.androidautomation.improve.ChallengesTest"/>
  <testcase name="startChallenges" time="39.912" classname="com.ekincare.androidautomation.improve.ChallengesTest"/>
  <testcase name="stopChallenges" time="38.393" classname="com.ekincare.androidautomation.improve.ChallengesTest"/>
  <testcase name="startAndRestartChallenges" time="42.953" classname="com.ekincare.androidautomation.improve.ChallengesTest"/>
</testsuite> <!-- com.ekincare.androidautomation.improve.ChallengesTest -->
