<?xml version="1.0" encoding="UTF-8"?>
<!-- Generated by org.testng.reporters.JUnitReportReporter -->
<testsuite skipped="0" hostname="AT-EK-LTPM018-Soni.local" name="com.ekincare.androidautomation.benefits.GymScenarioTest" tests="1" failures="0" timestamp="05 Mar 2020 08:42:04 GMT" time="47.199" errors="0">
  <testcase name="gymAndFitness" time="47.199" classname="com.ekincare.androidautomation.benefits.GymScenarioTest"/>
</testsuite> <!-- com.ekincare.androidautomation.benefits.GymScenarioTest -->
