<?xml version="1.0" encoding="UTF-8"?>
<!-- Generated by org.testng.reporters.JUnitReportReporter -->
<testsuite skipped="0" hostname="AT-EK-LTPM018-Soni.local" name="com.ekincare.androidautomation.benefits.HealthCheckupScenarioTest" tests="1" failures="0" timestamp="02 Mar 2020 04:51:11 GMT" time="13.203" errors="0">
  <testcase name="healthCheckupFamilyMember" time="13.203" classname="com.ekincare.androidautomation.benefits.HealthCheckupScenarioTest"/>
</testsuite> <!-- com.ekincare.androidautomation.benefits.HealthCheckupScenarioTest -->
