<?xml version="1.0" encoding="UTF-8"?>
<!-- Generated by org.testng.reporters.JUnitReportReporter -->
<testsuite skipped="0" hostname="AT-EK-LTPM018-Soni.local" name="com.ekincare.androidautomation.HomeTest" tests="13" failures="0" timestamp="06 Mar 2020 10:54:51 GMT" time="542.985" errors="0">
  <testcase name="gymAndFitness" time="45.307" classname="com.ekincare.androidautomation.HomeTest"/>
  <testcase name="medicineNameWithoutAddressSelf" time="51.400" classname="com.ekincare.androidautomation.HomeTest"/>
  <testcase name="medicineNameDeleteAddressSelf" time="45.630" classname="com.ekincare.androidautomation.HomeTest"/>
  <testcase name="healthCheckupSelf" time="63.465" classname="com.ekincare.androidautomation.HomeTest"/>
  <testcase name="healthCheckupFamilyMember" time="61.905" classname="com.ekincare.androidautomation.HomeTest"/>
  <testcase name="scheduleAppointment" time="43.081" classname="com.ekincare.androidautomation.HomeTest"/>
  <testcase name="talkWithDoctorSelf" time="44.079" classname="com.ekincare.androidautomation.HomeTest"/>
  <testcase name="viewAll" time="31.650" classname="com.ekincare.androidautomation.HomeTest"/>
  <testcase name="home" time="30.605" classname="com.ekincare.androidautomation.HomeTest"/>
  <testcase name="health" time="31.148" classname="com.ekincare.androidautomation.HomeTest"/>
  <testcase name="benefits" time="33.366" classname="com.ekincare.androidautomation.HomeTest"/>
  <testcase name="improve" time="31.923" classname="com.ekincare.androidautomation.HomeTest"/>
  <testcase name="notifications" time="29.426" classname="com.ekincare.androidautomation.HomeTest"/>
</testsuite> <!-- com.ekincare.androidautomation.HomeTest -->
