<?xml version="1.0" encoding="UTF-8"?>
<!-- Generated by org.testng.reporters.JUnitReportReporter -->
<testsuite skipped="0" hostname="AT-EK-LTPM018-Soni.local" name="com.ekincare.androidautomation.health.MedicalReports" tests="4" failures="0" timestamp="28 Feb 2020 12:39:42 GMT" time="166.913" errors="0">
  <testcase name="viewMedicalReport" time="53.995" classname="com.ekincare.androidautomation.health.MedicalReports"/>
  <testcase name="deleteMedicalReport" time="33.996" classname="com.ekincare.androidautomation.health.MedicalReports"/>
  <testcase name="viewMedicalReportFamily" time="43.942" classname="com.ekincare.androidautomation.health.MedicalReports"/>
  <testcase name="deleteMedicalReportFamily" time="34.980" classname="com.ekincare.androidautomation.health.MedicalReports"/>
</testsuite> <!-- com.ekincare.androidautomation.health.MedicalReports -->
