<?xml version="1.0" encoding="UTF-8"?>
<!-- Generated by org.testng.reporters.JUnitReportReporter -->
<testsuite skipped="0" hostname="AT-EK-LTPM018-Soni.local" name="com.ekincare.androidautomation.home.HealthCheckupScenarioTest" tests="1" failures="0" timestamp="21 Feb 2020 09:39:18 GMT" time="68.830" errors="0">
  <testcase name="annualhealthCheckupFamilyMember" time="68.830" classname="com.ekincare.androidautomation.home.HealthCheckupScenarioTest"/>
</testsuite> <!-- com.ekincare.androidautomation.home.HealthCheckupScenarioTest -->
