<?xml version="1.0" encoding="UTF-8"?>
<!-- Generated by org.testng.reporters.JUnitReportReporter -->
<testsuite skipped="0" hostname="AT-EK-LTPM018-Soni.local" name="com.ekincare.androidautomation.home.OrderMedicinesScenarioTest" tests="1" failures="0" timestamp="27 Feb 2020 13:20:40 GMT" time="91.388" errors="0">
  <testcase name="pastUploadedDeleteAddressFamily" time="91.388" classname="com.ekincare.androidautomation.home.OrderMedicinesScenarioTest"/>
</testsuite> <!-- com.ekincare.androidautomation.home.OrderMedicinesScenarioTest -->
