<?xml version="1.0" encoding="UTF-8"?>
<!-- Generated by org.testng.reporters.JUnitReportReporter -->
<testsuite skipped="0" hostname="AT-EK-LTPM018-Soni.local" name="com.ekincare.androidautomation.improve.Challenges" tests="4" failures="0" timestamp="02 Mar 2020 07:08:57 GMT" time="159.154" errors="0">
  <testcase name="knowMore" time="36.502" classname="com.ekincare.androidautomation.improve.Challenges"/>
  <testcase name="startChallenges" time="39.556" classname="com.ekincare.androidautomation.improve.Challenges"/>
  <testcase name="stopChallenges" time="39.398" classname="com.ekincare.androidautomation.improve.Challenges"/>
  <testcase name="startAndRestartChallenges" time="43.698" classname="com.ekincare.androidautomation.improve.Challenges"/>
</testsuite> <!-- com.ekincare.androidautomation.improve.Challenges -->
