<?xml version="1.0" encoding="UTF-8"?>
<!-- Generated by org.testng.reporters.JUnitReportReporter -->
<testsuite skipped="0" hostname="AT-EK-LTPM018-Soni.local" name="com.ekincare.androidautomation.improve.EventsTest" tests="3" failures="0" timestamp="06 Mar 2020 08:36:35 GMT" time="131.793" errors="0">
  <testcase name="goingEvent" time="49.702" classname="com.ekincare.androidautomation.improve.EventsTest"/>
  <testcase name="notGoingEvent" time="37.800" classname="com.ekincare.androidautomation.improve.EventsTest"/>
  <testcase name="notSureEvent" time="44.291" classname="com.ekincare.androidautomation.improve.EventsTest"/>
</testsuite> <!-- com.ekincare.androidautomation.improve.EventsTest -->
