<?xml version="1.0" encoding="UTF-8"?>
<!-- Generated by org.testng.reporters.JUnitReportReporter -->
<testsuite skipped="0" hostname="AT-EK-LTPM018-Soni.local" name="com.ekincare.androidautomation.HomeTest" tests="11" failures="0" timestamp="05 Mar 2020 08:41:34 GMT" time="410.529" errors="0">
  <testcase name="gymAndFitness" time="45.684" classname="com.ekincare.androidautomation.HomeTest"/>
  <testcase name="medicineNameWithoutAddressSelf" time="51.167" classname="com.ekincare.androidautomation.HomeTest"/>
  <testcase name="medicineNameDeleteAddressSelf" time="45.471" classname="com.ekincare.androidautomation.HomeTest"/>
  <testcase name="scheduleAppointment" time="43.485" classname="com.ekincare.androidautomation.HomeTest"/>
  <testcase name="talkWithDoctorSelf" time="43.803" classname="com.ekincare.androidautomation.HomeTest"/>
  <testcase name="viewAll" time="32.549" classname="com.ekincare.androidautomation.HomeTest"/>
  <testcase name="home" time="29.567" classname="com.ekincare.androidautomation.HomeTest"/>
  <testcase name="health" time="29.478" classname="com.ekincare.androidautomation.HomeTest"/>
  <testcase name="benefits" time="29.765" classname="com.ekincare.androidautomation.HomeTest"/>
  <testcase name="improve" time="29.788" classname="com.ekincare.androidautomation.HomeTest"/>
  <testcase name="notifications" time="29.772" classname="com.ekincare.androidautomation.HomeTest"/>
</testsuite> <!-- com.ekincare.androidautomation.HomeTest -->
