<?xml version="1.0" encoding="UTF-8"?>
<!-- Generated by org.testng.reporters.JUnitReportReporter -->
<testsuite skipped="0" hostname="AT-EK-LTPM018-Soni.local" name="com.ekincare.androidautomation.health.MedicalReports" tests="4" failures="0" timestamp="03 Mar 2020 05:33:01 GMT" time="164.430" errors="0">
  <testcase name="viewMedicalReport" time="45.618" classname="com.ekincare.androidautomation.health.MedicalReports"/>
  <testcase name="deleteMedicalReport" time="36.491" classname="com.ekincare.androidautomation.health.MedicalReports"/>
  <testcase name="viewMedicalReportFamily" time="45.090" classname="com.ekincare.androidautomation.health.MedicalReports"/>
  <testcase name="deleteMedicalReportFamily" time="37.231" classname="com.ekincare.androidautomation.health.MedicalReports"/>
</testsuite> <!-- com.ekincare.androidautomation.health.MedicalReports -->
