<?xml version="1.0" encoding="UTF-8"?>
<!-- Generated by org.testng.reporters.JUnitReportReporter -->
<testsuite skipped="0" hostname="AT-EK-LTPM018-Soni.local" name="com.ekincare.androidautomation.benefits.TalkWithDoctorTest" tests="2" failures="0" timestamp="02 Mar 2020 05:36:35 GMT" time="100.002" errors="0">
  <testcase name="talkWithDoctorSelf" time="44.720" classname="com.ekincare.androidautomation.benefits.TalkWithDoctorTest"/>
  <testcase name="talkWithDoctorFamily" time="55.282" classname="com.ekincare.androidautomation.benefits.TalkWithDoctorTest"/>
</testsuite> <!-- com.ekincare.androidautomation.benefits.TalkWithDoctorTest -->
