<?xml version="1.0" encoding="UTF-8"?>
<!-- Generated by org.testng.reporters.JUnitReportReporter -->
<testsuite skipped="0" hostname="AT-EK-LTPM018-Soni.local" name="com.ekincare.androidautomation.HomeTest" tests="6" failures="0" timestamp="28 Feb 2020 13:37:06 GMT" time="178.973" errors="0">
  <testcase name="viewAll" time="31.645" classname="com.ekincare.androidautomation.HomeTest"/>
  <testcase name="home" time="29.603" classname="com.ekincare.androidautomation.HomeTest"/>
  <testcase name="health" time="29.999" classname="com.ekincare.androidautomation.HomeTest"/>
  <testcase name="benefits" time="27.316" classname="com.ekincare.androidautomation.HomeTest"/>
  <testcase name="improve" time="31.239" classname="com.ekincare.androidautomation.HomeTest"/>
  <testcase name="notifications" time="29.171" classname="com.ekincare.androidautomation.HomeTest"/>
</testsuite> <!-- com.ekincare.androidautomation.HomeTest -->
