<?xml version="1.0" encoding="UTF-8"?>
<!-- Generated by org.testng.reporters.JUnitReportReporter -->
<testsuite skipped="0" hostname="AT-EK-LTPM018-Soni.local" name="com.ekincare.androidautomation.benefits.OrderMedicinesScenarioTest" tests="1" failures="0" timestamp="05 Mar 2020 11:49:13 GMT" time="54.560" errors="0">
  <testcase name="fromGalleryDeleteAddressPlusAddAddress" time="54.560" classname="com.ekincare.androidautomation.benefits.OrderMedicinesScenarioTest"/>
</testsuite> <!-- com.ekincare.androidautomation.benefits.OrderMedicinesScenarioTest -->
