<?xml version="1.0" encoding="UTF-8"?>
<!-- Generated by org.testng.reporters.JUnitReportReporter -->
<testsuite skipped="0" hostname="AT-EK-LTPM018-Soni.local" name="com.ekincare.androidautomation.benefits.OrderMedicinesScenarioTest" tests="23" failures="0" timestamp="06 Mar 2020 08:36:10 GMT" time="1233.186" errors="0">
  <testcase name="medicineNameWithoutAddressSelf" time="54.896" classname="com.ekincare.androidautomation.benefits.OrderMedicinesScenarioTest"/>
  <testcase name="medicineNameWithAddressSelf" time="47.244" classname="com.ekincare.androidautomation.benefits.OrderMedicinesScenarioTest"/>
  <testcase name="medicineNameChangeAddressSelf" time="59.397" classname="com.ekincare.androidautomation.benefits.OrderMedicinesScenarioTest"/>
  <testcase name="medicineNameDeleteAddressPlusAddAddressSelf" time="60.747" classname="com.ekincare.androidautomation.benefits.OrderMedicinesScenarioTest"/>
  <testcase name="medicineNameDeleteAddressSelf" time="47.138" classname="com.ekincare.androidautomation.benefits.OrderMedicinesScenarioTest"/>
  <testcase name="pastUploadedWithoutAddressSelf" time="60.053" classname="com.ekincare.androidautomation.benefits.OrderMedicinesScenarioTest"/>
  <testcase name="pastUploadedWithAddressSelf" time="52.309" classname="com.ekincare.androidautomation.benefits.OrderMedicinesScenarioTest"/>
  <testcase name="pastUploadedChangeAddressSelf" time="66.063" classname="com.ekincare.androidautomation.benefits.OrderMedicinesScenarioTest"/>
  <testcase name="pastUploadedDeleteAddressPlusAddAddressSelf" time="58.747" classname="com.ekincare.androidautomation.benefits.OrderMedicinesScenarioTest"/>
  <testcase name="pastUploadedDeleteAddressSelf" time="47.557" classname="com.ekincare.androidautomation.benefits.OrderMedicinesScenarioTest"/>
  <testcase name="pastUploadedWithoutAddressFamily" time="57.901" classname="com.ekincare.androidautomation.benefits.OrderMedicinesScenarioTest"/>
  <testcase name="pastUploadedWithAddressFamily" time="53.001" classname="com.ekincare.androidautomation.benefits.OrderMedicinesScenarioTest"/>
  <testcase name="pastUploadedChangeAddressFamily" time="62.339" classname="com.ekincare.androidautomation.benefits.OrderMedicinesScenarioTest"/>
  <testcase name="pastUploadedDeleteAddressPlusAddAddressFamily" time="57.397" classname="com.ekincare.androidautomation.benefits.OrderMedicinesScenarioTest"/>
  <testcase name="pastUploadedDeleteAddressFamily" time="44.441" classname="com.ekincare.androidautomation.benefits.OrderMedicinesScenarioTest"/>
  <testcase name="pastUploadedWithoutAddressSelfPlusFamily" time="53.102" classname="com.ekincare.androidautomation.benefits.OrderMedicinesScenarioTest"/>
  <testcase name="pastUploadedWithAddressSelfPlusFamily" time="48.115" classname="com.ekincare.androidautomation.benefits.OrderMedicinesScenarioTest"/>
  <testcase name="pastUploadedDeleteAddressPlusAddAddressSelfPlusFamily" time="62.057" classname="com.ekincare.androidautomation.benefits.OrderMedicinesScenarioTest"/>
  <testcase name="pastUploadedDeleteAddressSelfPlusFamily" time="47.702" classname="com.ekincare.androidautomation.benefits.OrderMedicinesScenarioTest"/>
  <testcase name="fromGalleryWithoutAddress" time="50.287" classname="com.ekincare.androidautomation.benefits.OrderMedicinesScenarioTest"/>
  <testcase name="fromGalleryWithAddress" time="43.293" classname="com.ekincare.androidautomation.benefits.OrderMedicinesScenarioTest"/>
  <testcase name="fromGalleryDeleteAddressPlusAddAddress" time="55.900" classname="com.ekincare.androidautomation.benefits.OrderMedicinesScenarioTest"/>
  <testcase name="fromGalleryDeleteAddress" time="43.500" classname="com.ekincare.androidautomation.benefits.OrderMedicinesScenarioTest"/>
</testsuite> <!-- com.ekincare.androidautomation.benefits.OrderMedicinesScenarioTest -->
