<?xml version="1.0" encoding="UTF-8"?>
<!-- Generated by org.testng.reporters.JUnitReportReporter -->
<testsuite skipped="0" hostname="AT-EK-LTPM018-Soni.local" name="com.ekincare.androidautomation.health.MedicalReportsTest" tests="2" failures="0" timestamp="05 Mar 2020 11:12:44 GMT" time="83.650" errors="0">
  <testcase name="viewMedicalReportFamily" time="47.056" classname="com.ekincare.androidautomation.health.MedicalReportsTest"/>
  <testcase name="deleteMedicalReportFamily" time="36.594" classname="com.ekincare.androidautomation.health.MedicalReportsTest"/>
</testsuite> <!-- com.ekincare.androidautomation.health.MedicalReportsTest -->
