<?xml version="1.0" encoding="UTF-8"?>
<!-- Generated by org.testng.reporters.JUnitReportReporter -->
<testsuite skipped="0" hostname="AT-EK-LTPM018-Soni.local" name="com.ekincare.androidautomation.health.MedicalReportsTest" tests="4" failures="0" timestamp="06 Mar 2020 08:36:20 GMT" time="164.955" errors="0">
  <testcase name="viewMedicalReport" time="45.512" classname="com.ekincare.androidautomation.health.MedicalReportsTest"/>
  <testcase name="deleteMedicalReport" time="37.299" classname="com.ekincare.androidautomation.health.MedicalReportsTest"/>
  <testcase name="viewMedicalReportFamily" time="44.347" classname="com.ekincare.androidautomation.health.MedicalReportsTest"/>
  <testcase name="deleteMedicalReportFamily" time="37.797" classname="com.ekincare.androidautomation.health.MedicalReportsTest"/>
</testsuite> <!-- com.ekincare.androidautomation.health.MedicalReportsTest -->
